[ 2017-07-15T15:45:52+08:00 ] 127.0.0.1 /cart/number.html
INFO: [ app_begin ] --START--
INFO: Run Behavior\ReadHtmlCacheBehavior [ RunTime:0.001000s ]
INFO: [ app_begin ] --END-- [ RunTime:0.001000s ]
SQL: SHOW COLUMNS FROM `cartitem` [ RunTime:0.0030s ]
SQL: SELECT * FROM `cartitem` WHERE `goodsid` = 9 AND `isorder` = 1 LIMIT 1   [ RunTime:0.0010s ]
SQL: UPDATE `cartitem` SET `goodsid`='9',`userid`='1',`gcount`='2',`status`='1',`isorder`='1' WHERE `id` = 13 [ RunTime:0.0060s ]
SQL: SHOW COLUMNS FROM `goods` [ RunTime:0.0040s ]
SQL: SELECT * FROM `cartitem` WHERE `userid` = 1 AND `isorder` = 1 AND `status` = 1  [ RunTime:0.0010s ]
SQL: SELECT `goodsname` FROM `goods` WHERE `id` = 8 LIMIT 1   [ RunTime:0.0000s ]
SQL: SELECT `shopprice` FROM `goods` WHERE `id` = 8 LIMIT 1   [ RunTime:0.0000s ]
SQL: SELECT `image` FROM `goods` WHERE `id` = 8 LIMIT 1   [ RunTime:0.0000s ]
SQL: SELECT `goodsname` FROM `goods` WHERE `id` = 9 LIMIT 1   [ RunTime:0.0000s ]
SQL: SELECT `shopprice` FROM `goods` WHERE `id` = 9 LIMIT 1   [ RunTime:0.0000s ]
SQL: SELECT `image` FROM `goods` WHERE `id` = 9 LIMIT 1   [ RunTime:0.0000s ]

[ 2017-07-15T15:45:54+08:00 ] 127.0.0.1 /cart/number.html
INFO: [ app_begin ] --START--
INFO: Run Behavior\ReadHtmlCacheBehavior [ RunTime:0.000000s ]
INFO: [ app_begin ] --END-- [ RunTime:0.001000s ]
SQL: SHOW COLUMNS FROM `cartitem` [ RunTime:0.0030s ]
SQL: SELECT * FROM `cartitem` WHERE `goodsid` = 9 AND `isorder` = 1 LIMIT 1   [ RunTime:0.0000s ]
SQL: UPDATE `cartitem` SET `goodsid`='9',`userid`='1',`gcount`='1',`status`='1',`isorder`='1' WHERE `id` = 13 [ RunTime:0.0060s ]
SQL: SHOW COLUMNS FROM `goods` [ RunTime:0.0040s ]
SQL: SELECT * FROM `cartitem` WHERE `userid` = 1 AND `isorder` = 1 AND `status` = 1  [ RunTime:0.0000s ]
SQL: SELECT `goodsname` FROM `goods` WHERE `id` = 8 LIMIT 1   [ RunTime:0.0000s ]
SQL: SELECT `shopprice` FROM `goods` WHERE `id` = 8 LIMIT 1   [ RunTime:0.0000s ]
SQL: SELECT `image` FROM `goods` WHERE `id` = 8 LIMIT 1   [ RunTime:0.0000s ]
SQL: SELECT `goodsname` FROM `goods` WHERE `id` = 9 LIMIT 1   [ RunTime:0.0010s ]
SQL: SELECT `shopprice` FROM `goods` WHERE `id` = 9 LIMIT 1   [ RunTime:0.0000s ]
SQL: SELECT `image` FROM `goods` WHERE `id` = 9 LIMIT 1   [ RunTime:0.0000s ]

[ 2017-07-15T15:45:56+08:00 ] 127.0.0.1 /cart/number.html
INFO: [ app_begin ] --START--
INFO: Run Behavior\ReadHtmlCacheBehavior [ RunTime:0.000000s ]
INFO: [ app_begin ] --END-- [ RunTime:0.002000s ]
SQL: SHOW COLUMNS FROM `cartitem` [ RunTime:0.0030s ]
SQL: SELECT * FROM `cartitem` WHERE `goodsid` = 8 AND `isorder` = 1 LIMIT 1   [ RunTime:0.0000s ]
SQL: UPDATE `cartitem` SET `goodsid`='8',`userid`='1',`gcount`='1',`status`='1',`isorder`='1' WHERE `id` = 12 [ RunTime:0.0050s ]
SQL: SHOW COLUMNS FROM `goods` [ RunTime:0.0040s ]
SQL: SELECT * FROM `cartitem` WHERE `userid` = 1 AND `isorder` = 1 AND `status` = 1  [ RunTime:0.0000s ]
SQL: SELECT `goodsname` FROM `goods` WHERE `id` = 8 LIMIT 1   [ RunTime:0.0000s ]
SQL: SELECT `shopprice` FROM `goods` WHERE `id` = 8 LIMIT 1   [ RunTime:0.0010s ]
SQL: SELECT `image` FROM `goods` WHERE `id` = 8 LIMIT 1   [ RunTime:0.0000s ]
SQL: SELECT `goodsname` FROM `goods` WHERE `id` = 9 LIMIT 1   [ RunTime:0.0000s ]
SQL: SELECT `shopprice` FROM `goods` WHERE `id` = 9 LIMIT 1   [ RunTime:0.0010s ]
SQL: SELECT `image` FROM `goods` WHERE `id` = 9 LIMIT 1   [ RunTime:0.0000s ]

[ 2017-07-15T19:01:59+08:00 ] 127.0.0.1 /cart/dosend.html
INFO: [ app_begin ] --START--
INFO: Run Behavior\ReadHtmlCacheBehavior [ RunTime:0.001000s ]
INFO: [ app_begin ] --END-- [ RunTime:0.001000s ]
SQL: SHOW COLUMNS FROM `saleorder` [ RunTime:0.0040s ]
SQL: UPDATE `saleorder` SET `send`='3' WHERE `id` = 3 [ RunTime:0.0050s ]

[ 2017-07-15T19:06:30+08:00 ] 127.0.0.1 /cart/dosend.html
INFO: [ app_begin ] --START--
INFO: Run Behavior\ReadHtmlCacheBehavior [ RunTime:0.001000s ]
INFO: [ app_begin ] --END-- [ RunTime:0.002000s ]
SQL: SHOW COLUMNS FROM `saleorder` [ RunTime:0.0040s ]
SQL: UPDATE `saleorder` SET `send`='3' WHERE `id` = 4 [ RunTime:0.0050s ]

[ 2017-07-15T19:06:37+08:00 ] 127.0.0.1 /cart/dopay.html
INFO: [ app_begin ] --START--
INFO: Run Behavior\ReadHtmlCacheBehavior [ RunTime:0.001000s ]
INFO: [ app_begin ] --END-- [ RunTime:0.002000s ]
SQL: SHOW COLUMNS FROM `saleorder` [ RunTime:0.0040s ]
SQL: SELECT * FROM `saleorder` WHERE `ordernum` = '2017070811255649360' LIMIT 1   [ RunTime:0.0000s ]
SQL: UPDATE `saleorder` SET `ispay`='1' WHERE `id` = 7 [ RunTime:0.0050s ]

[ 2017-07-15T19:21:56+08:00 ] 127.0.0.1 /user/$vc['gimage']
ERR: 非法操作:$vc['gimage']

[ 2017-07-15T19:22:09+08:00 ] 127.0.0.1 /user/$vc['gimage']
ERR: 非法操作:$vc['gimage']

[ 2017-07-15T19:24:06+08:00 ] 127.0.0.1 /user/$vc['gimage']
ERR: 非法操作:$vc['gimage']

[ 2017-07-15T19:28:53+08:00 ] 127.0.0.1 /cart/dopay.html
INFO: [ app_begin ] --START--
INFO: Run Behavior\ReadHtmlCacheBehavior [ RunTime:0.000000s ]
INFO: [ app_begin ] --END-- [ RunTime:0.000000s ]
SQL: SHOW COLUMNS FROM `saleorder` [ RunTime:0.0050s ]
SQL: SELECT * FROM `saleorder` WHERE `ordernum` = '2017070819121156702' LIMIT 1   [ RunTime:0.0000s ]
SQL: UPDATE `saleorder` SET `ispay`='1' WHERE `id` = 8 [ RunTime:0.0040s ]

[ 2017-07-15T19:28:57+08:00 ] 127.0.0.1 /cart/dosend.html
INFO: [ app_begin ] --START--
INFO: Run Behavior\ReadHtmlCacheBehavior [ RunTime:0.001000s ]
INFO: [ app_begin ] --END-- [ RunTime:0.001000s ]
SQL: SHOW COLUMNS FROM `saleorder` [ RunTime:0.0040s ]
SQL: UPDATE `saleorder` SET `send`='3' WHERE `id` = 8 [ RunTime:0.4070s ]

