[ 2017-06-24T09:00:33+08:00 ] 127.0.0.1 /index.php
INFO: [ app_init ] --START--
INFO: Run Behavior\BuildLiteBehavior [ RunTime:0.000000s ]
INFO: [ app_init ] --END-- [ RunTime:0.000000s ]
INFO: [ app_begin ] --START--
INFO: Run Behavior\ReadHtmlCacheBehavior [ RunTime:0.001000s ]
INFO: [ app_begin ] --END-- [ RunTime:0.001000s ]
ERR: 1146:Table 'tp.power' doesn't exist
 [ SQL语句 ] : SHOW COLUMNS FROM `power`
ERR: 1146:Table 'tp.power' doesn't exist
 [ SQL语句 ] : SHOW COLUMNS FROM `power`

[ 2017-06-24T10:24:25+08:00 ] 127.0.0.1 /
INFO: [ app_init ] --START--
INFO: Run Behavior\BuildLiteBehavior [ RunTime:0.000000s ]
INFO: [ app_init ] --END-- [ RunTime:0.004000s ]
INFO: [ app_begin ] --START--
INFO: Run Behavior\ReadHtmlCacheBehavior [ RunTime:0.002000s ]
INFO: [ app_begin ] --END-- [ RunTime:0.002000s ]
ERR: 1146:Table 'tp.power' doesn't exist
 [ SQL语句 ] : SHOW COLUMNS FROM `power`
ERR: 1146:Table 'tp.power' doesn't exist
 [ SQL语句 ] : SHOW COLUMNS FROM `power`

[ 2017-06-24T10:26:32+08:00 ] 127.0.0.1 /
INFO: [ app_init ] --START--
INFO: Run Behavior\BuildLiteBehavior [ RunTime:0.000000s ]
INFO: [ app_init ] --END-- [ RunTime:0.001000s ]
INFO: [ app_begin ] --START--
INFO: Run Behavior\ReadHtmlCacheBehavior [ RunTime:0.000000s ]
INFO: [ app_begin ] --END-- [ RunTime:0.000000s ]
ERR: 1146:Table 'tp.power' doesn't exist
 [ SQL语句 ] : SHOW COLUMNS FROM `power`
ERR: 1146:Table 'tp.power' doesn't exist
 [ SQL语句 ] : SHOW COLUMNS FROM `power`

