[ 2017-07-10T15:45:52+08:00 ] 127.0.0.1 /Admin/index/test2
ERR: 非法操作:test2

[ 2017-07-10T19:32:29+08:00 ] 127.0.0.1 /Admin/cate/getchild.html?id=1
INFO: [ app_begin ] --START--
INFO: Run Behavior\ReadHtmlCacheBehavior [ RunTime:0.001000s ]
INFO: [ app_begin ] --END-- [ RunTime:0.002000s ]
SQL: SHOW COLUMNS FROM `role` [ RunTime:0.0060s ]
SQL: SELECT `power` FROM `role` WHERE `id` = 1 LIMIT 1   [ RunTime:0.0000s ]
SQL: SHOW COLUMNS FROM `permission` [ RunTime:0.0050s ]
SQL: SELECT * FROM `permission`  [ RunTime:0.0000s ]
SQL: SHOW COLUMNS FROM `category` [ RunTime:0.0050s ]
SQL: SELECT * FROM `category` WHERE `pid` = 1 AND `status` = 1  [ RunTime:0.0000s ]
SQL: SELECT * FROM `category` WHERE `pid` = 10 AND `status` = 1  [ RunTime:0.0010s ]
SQL: SELECT * FROM `category` WHERE `pid` = 11 AND `status` = 1  [ RunTime:0.0000s ]
SQL: SELECT * FROM `category` WHERE `pid` = 13 AND `status` = 1  [ RunTime:0.0010s ]
SQL: SELECT * FROM `category` WHERE `pid` = 14 AND `status` = 1  [ RunTime:0.0000s ]
SQL: SELECT * FROM `category` WHERE `pid` = 15 AND `status` = 1  [ RunTime:0.0000s ]
SQL: SELECT * FROM `category` WHERE `pid` = 16 AND `status` = 1  [ RunTime:0.0000s ]
SQL: SELECT * FROM `category` WHERE `pid` = 17 AND `status` = 1  [ RunTime:0.0000s ]
SQL: SELECT * FROM `category` WHERE `pid` = 18 AND `status` = 1  [ RunTime:0.0000s ]
SQL: SELECT * FROM `category` WHERE `pid` = 19 AND `status` = 1  [ RunTime:0.0000s ]

[ 2017-07-10T19:32:30+08:00 ] 127.0.0.1 /Admin/cate/getchild.html?id=10
INFO: [ app_begin ] --START--
INFO: Run Behavior\ReadHtmlCacheBehavior [ RunTime:0.001000s ]
INFO: [ app_begin ] --END-- [ RunTime:0.001000s ]
SQL: SHOW COLUMNS FROM `role` [ RunTime:0.0040s ]
SQL: SELECT `power` FROM `role` WHERE `id` = 1 LIMIT 1   [ RunTime:0.0000s ]
SQL: SHOW COLUMNS FROM `permission` [ RunTime:0.0030s ]
SQL: SELECT * FROM `permission`  [ RunTime:0.0010s ]
SQL: SHOW COLUMNS FROM `category` [ RunTime:0.0040s ]
SQL: SELECT * FROM `category` WHERE `pid` = 10 AND `status` = 1  [ RunTime:0.0000s ]
SQL: SELECT * FROM `category` WHERE `pid` = 20 AND `status` = 1  [ RunTime:0.0000s ]
SQL: SELECT * FROM `category` WHERE `pid` = 21 AND `status` = 1  [ RunTime:0.0000s ]
SQL: SELECT * FROM `category` WHERE `pid` = 22 AND `status` = 1  [ RunTime:0.0010s ]
SQL: SELECT * FROM `category` WHERE `pid` = 23 AND `status` = 1  [ RunTime:0.0000s ]
SQL: SELECT * FROM `category` WHERE `pid` = 87 AND `status` = 1  [ RunTime:0.0010s ]

[ 2017-07-10T19:33:40+08:00 ] 127.0.0.1 /Admin/cate/ishot.html
INFO: [ app_begin ] --START--
INFO: Run Behavior\ReadHtmlCacheBehavior [ RunTime:0.001000s ]
INFO: [ app_begin ] --END-- [ RunTime:0.001000s ]
SQL: SHOW COLUMNS FROM `role` [ RunTime:0.0040s ]
SQL: SELECT `power` FROM `role` WHERE `id` = 1 LIMIT 1   [ RunTime:0.0000s ]
SQL: SHOW COLUMNS FROM `permission` [ RunTime:0.0040s ]
SQL: SELECT * FROM `permission`  [ RunTime:0.0000s ]
SQL: SHOW COLUMNS FROM `category` [ RunTime:0.0040s ]
SQL: SELECT `ishot` FROM `category` WHERE `id` = 1 LIMIT 1   [ RunTime:0.0000s ]
SQL: UPDATE `category` SET `ishot`='1' WHERE `id` = 1 [ RunTime:0.0000s ]

[ 2017-07-10T19:33:41+08:00 ] 127.0.0.1 /Admin/cate/ishot.html
INFO: [ app_begin ] --START--
INFO: Run Behavior\ReadHtmlCacheBehavior [ RunTime:0.001000s ]
INFO: [ app_begin ] --END-- [ RunTime:0.001000s ]
SQL: SHOW COLUMNS FROM `role` [ RunTime:0.0040s ]
SQL: SELECT `power` FROM `role` WHERE `id` = 1 LIMIT 1   [ RunTime:0.0010s ]
SQL: SHOW COLUMNS FROM `permission` [ RunTime:0.0040s ]
SQL: SELECT * FROM `permission`  [ RunTime:0.0000s ]
SQL: SHOW COLUMNS FROM `category` [ RunTime:0.0040s ]
SQL: SELECT `ishot` FROM `category` WHERE `id` = 1 LIMIT 1   [ RunTime:0.0000s ]
SQL: UPDATE `category` SET `ishot`='2' WHERE `id` = 1 [ RunTime:0.0010s ]

[ 2017-07-10T19:33:45+08:00 ] 127.0.0.1 /Admin/cate/getchild.html?id=2
INFO: [ app_begin ] --START--
INFO: Run Behavior\ReadHtmlCacheBehavior [ RunTime:0.001000s ]
INFO: [ app_begin ] --END-- [ RunTime:0.002000s ]
SQL: SHOW COLUMNS FROM `role` [ RunTime:0.0050s ]
SQL: SELECT `power` FROM `role` WHERE `id` = 1 LIMIT 1   [ RunTime:0.0000s ]
SQL: SHOW COLUMNS FROM `permission` [ RunTime:0.0050s ]
SQL: SELECT * FROM `permission`  [ RunTime:0.0000s ]
SQL: SHOW COLUMNS FROM `category` [ RunTime:0.0040s ]
SQL: SELECT * FROM `category` WHERE `pid` = 2 AND `status` = 1  [ RunTime:0.0010s ]
SQL: SELECT * FROM `category` WHERE `pid` = 50 AND `status` = 1  [ RunTime:0.0000s ]
SQL: SELECT * FROM `category` WHERE `pid` = 51 AND `status` = 1  [ RunTime:0.0000s ]
SQL: SELECT * FROM `category` WHERE `pid` = 52 AND `status` = 1  [ RunTime:0.0010s ]
SQL: SELECT * FROM `category` WHERE `pid` = 53 AND `status` = 1  [ RunTime:0.0000s ]
SQL: SELECT * FROM `category` WHERE `pid` = 54 AND `status` = 1  [ RunTime:0.0010s ]
SQL: SELECT * FROM `category` WHERE `pid` = 55 AND `status` = 1  [ RunTime:0.0000s ]
SQL: SELECT * FROM `category` WHERE `pid` = 79 AND `status` = 1  [ RunTime:0.0000s ]
SQL: SELECT * FROM `category` WHERE `pid` = 80 AND `status` = 1  [ RunTime:0.0000s ]

[ 2017-07-10T19:33:45+08:00 ] 127.0.0.1 /Admin/cate/getchild.html?id=50
INFO: [ app_begin ] --START--
INFO: Run Behavior\ReadHtmlCacheBehavior [ RunTime:0.001000s ]
INFO: [ app_begin ] --END-- [ RunTime:0.001000s ]
SQL: SHOW COLUMNS FROM `role` [ RunTime:0.0040s ]
SQL: SELECT `power` FROM `role` WHERE `id` = 1 LIMIT 1   [ RunTime:0.0000s ]
SQL: SHOW COLUMNS FROM `permission` [ RunTime:0.0040s ]
SQL: SELECT * FROM `permission`  [ RunTime:0.0000s ]
SQL: SHOW COLUMNS FROM `category` [ RunTime:0.0040s ]
SQL: SELECT * FROM `category` WHERE `pid` = 50 AND `status` = 1  [ RunTime:0.0010s ]
SQL: SELECT * FROM `category` WHERE `pid` = 85 AND `status` = 1  [ RunTime:0.0000s ]
SQL: SELECT * FROM `category` WHERE `pid` = 86 AND `status` = 1  [ RunTime:0.0000s ]

[ 2017-07-10T19:34:53+08:00 ] 127.0.0.1 /Admin/cate/getchild.html?id=2
INFO: [ app_begin ] --START--
INFO: Run Behavior\ReadHtmlCacheBehavior [ RunTime:0.001000s ]
INFO: [ app_begin ] --END-- [ RunTime:0.002000s ]
SQL: SHOW COLUMNS FROM `role` [ RunTime:0.0050s ]
SQL: SELECT `power` FROM `role` WHERE `id` = 1 LIMIT 1   [ RunTime:0.0000s ]
SQL: SHOW COLUMNS FROM `permission` [ RunTime:0.0050s ]
SQL: SELECT * FROM `permission`  [ RunTime:0.0000s ]
SQL: SHOW COLUMNS FROM `category` [ RunTime:0.0050s ]
SQL: SELECT * FROM `category` WHERE `pid` = 2 AND `status` = 1  [ RunTime:0.0000s ]
SQL: SELECT * FROM `category` WHERE `pid` = 50 AND `status` = 1  [ RunTime:0.0000s ]
SQL: SELECT * FROM `category` WHERE `pid` = 51 AND `status` = 1  [ RunTime:0.0000s ]
SQL: SELECT * FROM `category` WHERE `pid` = 52 AND `status` = 1  [ RunTime:0.0000s ]
SQL: SELECT * FROM `category` WHERE `pid` = 53 AND `status` = 1  [ RunTime:0.0000s ]
SQL: SELECT * FROM `category` WHERE `pid` = 54 AND `status` = 1  [ RunTime:0.0000s ]
SQL: SELECT * FROM `category` WHERE `pid` = 55 AND `status` = 1  [ RunTime:0.0000s ]
SQL: SELECT * FROM `category` WHERE `pid` = 79 AND `status` = 1  [ RunTime:0.0010s ]
SQL: SELECT * FROM `category` WHERE `pid` = 80 AND `status` = 1  [ RunTime:0.0000s ]

[ 2017-07-10T19:34:54+08:00 ] 127.0.0.1 /Admin/cate/getchild.html?id=50
INFO: [ app_begin ] --START--
INFO: Run Behavior\ReadHtmlCacheBehavior [ RunTime:0.001000s ]
INFO: [ app_begin ] --END-- [ RunTime:0.001000s ]
SQL: SHOW COLUMNS FROM `role` [ RunTime:0.0030s ]
SQL: SELECT `power` FROM `role` WHERE `id` = 1 LIMIT 1   [ RunTime:0.0000s ]
SQL: SHOW COLUMNS FROM `permission` [ RunTime:0.0040s ]
SQL: SELECT * FROM `permission`  [ RunTime:0.0000s ]
SQL: SHOW COLUMNS FROM `category` [ RunTime:0.0030s ]
SQL: SELECT * FROM `category` WHERE `pid` = 50 AND `status` = 1  [ RunTime:0.0010s ]
SQL: SELECT * FROM `category` WHERE `pid` = 85 AND `status` = 1  [ RunTime:0.0000s ]
SQL: SELECT * FROM `category` WHERE `pid` = 86 AND `status` = 1  [ RunTime:0.0000s ]

[ 2017-07-10T19:34:56+08:00 ] 127.0.0.1 /Admin/cate/getchild.html?id=51
INFO: [ app_begin ] --START--
INFO: Run Behavior\ReadHtmlCacheBehavior [ RunTime:0.001000s ]
INFO: [ app_begin ] --END-- [ RunTime:0.002000s ]
SQL: SHOW COLUMNS FROM `role` [ RunTime:0.0040s ]
SQL: SELECT `power` FROM `role` WHERE `id` = 1 LIMIT 1   [ RunTime:0.0000s ]
SQL: SHOW COLUMNS FROM `permission` [ RunTime:0.0040s ]
SQL: SELECT * FROM `permission`  [ RunTime:0.0000s ]
SQL: SHOW COLUMNS FROM `category` [ RunTime:0.0050s ]
SQL: SELECT * FROM `category` WHERE `pid` = 51 AND `status` = 1  [ RunTime:0.0000s ]
SQL: SELECT * FROM `category` WHERE `pid` = 92 AND `status` = 1  [ RunTime:0.0010s ]
SQL: SELECT * FROM `category` WHERE `pid` = 93 AND `status` = 1  [ RunTime:0.0000s ]
SQL: SELECT * FROM `category` WHERE `pid` = 94 AND `status` = 1  [ RunTime:0.0000s ]

[ 2017-07-10T19:34:57+08:00 ] 127.0.0.1 /Admin/cate/getchild.html?id=52
INFO: [ app_begin ] --START--
INFO: Run Behavior\ReadHtmlCacheBehavior [ RunTime:0.001000s ]
INFO: [ app_begin ] --END-- [ RunTime:0.002000s ]
SQL: SHOW COLUMNS FROM `role` [ RunTime:0.0060s ]
SQL: SELECT `power` FROM `role` WHERE `id` = 1 LIMIT 1   [ RunTime:0.0010s ]
SQL: SHOW COLUMNS FROM `permission` [ RunTime:0.0070s ]
SQL: SELECT * FROM `permission`  [ RunTime:0.0010s ]
SQL: SHOW COLUMNS FROM `category` [ RunTime:0.0070s ]
SQL: SELECT * FROM `category` WHERE `pid` = 52 AND `status` = 1  [ RunTime:0.0000s ]
SQL: SELECT * FROM `category` WHERE `pid` = 63 AND `status` = 1  [ RunTime:0.0010s ]
SQL: SELECT * FROM `category` WHERE `pid` = 64 AND `status` = 1  [ RunTime:0.0000s ]
SQL: SELECT * FROM `category` WHERE `pid` = 65 AND `status` = 1  [ RunTime:0.0010s ]

[ 2017-07-10T19:36:22+08:00 ] 127.0.0.1 /Admin/cate/ishot.html
INFO: [ app_begin ] --START--
INFO: Run Behavior\ReadHtmlCacheBehavior [ RunTime:0.001000s ]
INFO: [ app_begin ] --END-- [ RunTime:0.001000s ]
SQL: SHOW COLUMNS FROM `role` [ RunTime:0.0040s ]
SQL: SELECT `power` FROM `role` WHERE `id` = 1 LIMIT 1   [ RunTime:0.0000s ]
SQL: SHOW COLUMNS FROM `permission` [ RunTime:0.0030s ]
SQL: SELECT * FROM `permission`  [ RunTime:0.0000s ]
SQL: SHOW COLUMNS FROM `category` [ RunTime:0.0030s ]
SQL: SELECT `ishot` FROM `category` WHERE `id` = 1 LIMIT 1   [ RunTime:0.0000s ]
SQL: UPDATE `category` SET `ishot`='1' WHERE `id` = 1 [ RunTime:0.0000s ]

[ 2017-07-10T19:36:31+08:00 ] 127.0.0.1 /Admin/cate/ishot.html
INFO: [ app_begin ] --START--
INFO: Run Behavior\ReadHtmlCacheBehavior [ RunTime:0.001000s ]
INFO: [ app_begin ] --END-- [ RunTime:0.001000s ]
SQL: SHOW COLUMNS FROM `role` [ RunTime:0.0040s ]
SQL: SELECT `power` FROM `role` WHERE `id` = 1 LIMIT 1   [ RunTime:0.0000s ]
SQL: SHOW COLUMNS FROM `permission` [ RunTime:0.0030s ]
SQL: SELECT * FROM `permission`  [ RunTime:0.0000s ]
SQL: SHOW COLUMNS FROM `category` [ RunTime:0.0040s ]
SQL: SELECT `ishot` FROM `category` WHERE `id` = 1 LIMIT 1   [ RunTime:0.0000s ]
SQL: UPDATE `category` SET `ishot`='2' WHERE `id` = 1 [ RunTime:0.0000s ]

[ 2017-07-10T19:36:34+08:00 ] 127.0.0.1 /Admin/cate/ishot.html
INFO: [ app_begin ] --START--
INFO: Run Behavior\ReadHtmlCacheBehavior [ RunTime:0.001000s ]
INFO: [ app_begin ] --END-- [ RunTime:0.001000s ]
SQL: SHOW COLUMNS FROM `role` [ RunTime:0.0040s ]
SQL: SELECT `power` FROM `role` WHERE `id` = 1 LIMIT 1   [ RunTime:0.0000s ]
SQL: SHOW COLUMNS FROM `permission` [ RunTime:0.0040s ]
SQL: SELECT * FROM `permission`  [ RunTime:0.0000s ]
SQL: SHOW COLUMNS FROM `category` [ RunTime:0.0040s ]
SQL: SELECT `ishot` FROM `category` WHERE `id` = 1 LIMIT 1   [ RunTime:0.0010s ]
SQL: UPDATE `category` SET `ishot`='1' WHERE `id` = 1 [ RunTime:0.0000s ]

[ 2017-07-10T19:36:39+08:00 ] 127.0.0.1 /Admin/cate/ishot.html
INFO: [ app_begin ] --START--
INFO: Run Behavior\ReadHtmlCacheBehavior [ RunTime:0.001000s ]
INFO: [ app_begin ] --END-- [ RunTime:0.002000s ]
SQL: SHOW COLUMNS FROM `role` [ RunTime:0.0040s ]
SQL: SELECT `power` FROM `role` WHERE `id` = 1 LIMIT 1   [ RunTime:0.0000s ]
SQL: SHOW COLUMNS FROM `permission` [ RunTime:0.0050s ]
SQL: SELECT * FROM `permission`  [ RunTime:0.0010s ]
SQL: SHOW COLUMNS FROM `category` [ RunTime:0.0050s ]
SQL: SELECT `ishot` FROM `category` WHERE `id` = 1 LIMIT 1   [ RunTime:0.0000s ]
SQL: UPDATE `category` SET `ishot`='2' WHERE `id` = 1 [ RunTime:0.0000s ]

[ 2017-07-10T19:36:42+08:00 ] 127.0.0.1 /Admin/cate/getchild.html?id=1
INFO: [ app_begin ] --START--
INFO: Run Behavior\ReadHtmlCacheBehavior [ RunTime:0.002000s ]
INFO: [ app_begin ] --END-- [ RunTime:0.002000s ]
SQL: SHOW COLUMNS FROM `role` [ RunTime:0.0040s ]
SQL: SELECT `power` FROM `role` WHERE `id` = 1 LIMIT 1   [ RunTime:0.0010s ]
SQL: SHOW COLUMNS FROM `permission` [ RunTime:0.0050s ]
SQL: SELECT * FROM `permission`  [ RunTime:0.0010s ]
SQL: SHOW COLUMNS FROM `category` [ RunTime:0.0050s ]
SQL: SELECT * FROM `category` WHERE `pid` = 1 AND `status` = 1  [ RunTime:0.0020s ]
SQL: SELECT * FROM `category` WHERE `pid` = 10 AND `status` = 1  [ RunTime:0.0010s ]
SQL: SELECT * FROM `category` WHERE `pid` = 11 AND `status` = 1  [ RunTime:0.0000s ]
SQL: SELECT * FROM `category` WHERE `pid` = 13 AND `status` = 1  [ RunTime:0.0000s ]
SQL: SELECT * FROM `category` WHERE `pid` = 14 AND `status` = 1  [ RunTime:0.0000s ]
SQL: SELECT * FROM `category` WHERE `pid` = 15 AND `status` = 1  [ RunTime:0.0000s ]
SQL: SELECT * FROM `category` WHERE `pid` = 16 AND `status` = 1  [ RunTime:0.0000s ]
SQL: SELECT * FROM `category` WHERE `pid` = 17 AND `status` = 1  [ RunTime:0.0000s ]
SQL: SELECT * FROM `category` WHERE `pid` = 18 AND `status` = 1  [ RunTime:0.0010s ]
SQL: SELECT * FROM `category` WHERE `pid` = 19 AND `status` = 1  [ RunTime:0.0000s ]

[ 2017-07-10T19:36:43+08:00 ] 127.0.0.1 /Admin/cate/getchild.html?id=10
INFO: [ app_begin ] --START--
INFO: Run Behavior\ReadHtmlCacheBehavior [ RunTime:0.001000s ]
INFO: [ app_begin ] --END-- [ RunTime:0.002000s ]
SQL: SHOW COLUMNS FROM `role` [ RunTime:0.0040s ]
SQL: SELECT `power` FROM `role` WHERE `id` = 1 LIMIT 1   [ RunTime:0.0010s ]
SQL: SHOW COLUMNS FROM `permission` [ RunTime:0.0040s ]
SQL: SELECT * FROM `permission`  [ RunTime:0.0000s ]
SQL: SHOW COLUMNS FROM `category` [ RunTime:0.0040s ]
SQL: SELECT * FROM `category` WHERE `pid` = 10 AND `status` = 1  [ RunTime:0.0010s ]
SQL: SELECT * FROM `category` WHERE `pid` = 20 AND `status` = 1  [ RunTime:0.0000s ]
SQL: SELECT * FROM `category` WHERE `pid` = 21 AND `status` = 1  [ RunTime:0.0000s ]
SQL: SELECT * FROM `category` WHERE `pid` = 22 AND `status` = 1  [ RunTime:0.0000s ]
SQL: SELECT * FROM `category` WHERE `pid` = 23 AND `status` = 1  [ RunTime:0.0010s ]
SQL: SELECT * FROM `category` WHERE `pid` = 87 AND `status` = 1  [ RunTime:0.0000s ]

[ 2017-07-10T19:38:20+08:00 ] 127.0.0.1 /Admin/cate/getchild.html?id=1
INFO: [ app_begin ] --START--
INFO: Run Behavior\ReadHtmlCacheBehavior [ RunTime:0.001000s ]
INFO: [ app_begin ] --END-- [ RunTime:0.001000s ]
SQL: SHOW COLUMNS FROM `role` [ RunTime:0.0070s ]
SQL: SELECT `power` FROM `role` WHERE `id` = 1 LIMIT 1   [ RunTime:0.0000s ]
SQL: SHOW COLUMNS FROM `permission` [ RunTime:0.0060s ]
SQL: SELECT * FROM `permission`  [ RunTime:0.0010s ]
SQL: SHOW COLUMNS FROM `category` [ RunTime:0.0050s ]
SQL: SELECT * FROM `category` WHERE `pid` = 1 AND `status` = 1  [ RunTime:0.0000s ]
SQL: SELECT * FROM `category` WHERE `pid` = 10 AND `status` = 1  [ RunTime:0.0010s ]
SQL: SELECT * FROM `category` WHERE `pid` = 11 AND `status` = 1  [ RunTime:0.0000s ]
SQL: SELECT * FROM `category` WHERE `pid` = 13 AND `status` = 1  [ RunTime:0.0000s ]
SQL: SELECT * FROM `category` WHERE `pid` = 14 AND `status` = 1  [ RunTime:0.0010s ]
SQL: SELECT * FROM `category` WHERE `pid` = 15 AND `status` = 1  [ RunTime:0.0000s ]
SQL: SELECT * FROM `category` WHERE `pid` = 16 AND `status` = 1  [ RunTime:0.0010s ]
SQL: SELECT * FROM `category` WHERE `pid` = 17 AND `status` = 1  [ RunTime:0.0000s ]
SQL: SELECT * FROM `category` WHERE `pid` = 18 AND `status` = 1  [ RunTime:0.0010s ]
SQL: SELECT * FROM `category` WHERE `pid` = 19 AND `status` = 1  [ RunTime:0.0000s ]

[ 2017-07-10T19:38:20+08:00 ] 127.0.0.1 /Admin/cate/getchild.html?id=10
INFO: [ app_begin ] --START--
INFO: Run Behavior\ReadHtmlCacheBehavior [ RunTime:0.001000s ]
INFO: [ app_begin ] --END-- [ RunTime:0.002000s ]
SQL: SHOW COLUMNS FROM `role` [ RunTime:0.0050s ]
SQL: SELECT `power` FROM `role` WHERE `id` = 1 LIMIT 1   [ RunTime:0.0000s ]
SQL: SHOW COLUMNS FROM `permission` [ RunTime:0.0030s ]
SQL: SELECT * FROM `permission`  [ RunTime:0.0000s ]
SQL: SHOW COLUMNS FROM `category` [ RunTime:0.0040s ]
SQL: SELECT * FROM `category` WHERE `pid` = 10 AND `status` = 1  [ RunTime:0.0000s ]
SQL: SELECT * FROM `category` WHERE `pid` = 20 AND `status` = 1  [ RunTime:0.0010s ]
SQL: SELECT * FROM `category` WHERE `pid` = 21 AND `status` = 1  [ RunTime:0.0000s ]
SQL: SELECT * FROM `category` WHERE `pid` = 22 AND `status` = 1  [ RunTime:0.0000s ]
SQL: SELECT * FROM `category` WHERE `pid` = 23 AND `status` = 1  [ RunTime:0.0010s ]
SQL: SELECT * FROM `category` WHERE `pid` = 87 AND `status` = 1  [ RunTime:0.0000s ]

[ 2017-07-10T19:39:44+08:00 ] 127.0.0.1 /Admin/cate/getchild.html?id=1
INFO: [ app_begin ] --START--
INFO: Run Behavior\ReadHtmlCacheBehavior [ RunTime:0.001000s ]
INFO: [ app_begin ] --END-- [ RunTime:0.002000s ]
SQL: SHOW COLUMNS FROM `role` [ RunTime:0.0060s ]
SQL: SELECT `power` FROM `role` WHERE `id` = 1 LIMIT 1   [ RunTime:0.0000s ]
SQL: SHOW COLUMNS FROM `permission` [ RunTime:0.0050s ]
SQL: SELECT * FROM `permission`  [ RunTime:0.0000s ]
SQL: SHOW COLUMNS FROM `category` [ RunTime:0.0040s ]
SQL: SELECT * FROM `category` WHERE `pid` = 1 AND `status` = 1  [ RunTime:0.0000s ]
SQL: SELECT * FROM `category` WHERE `pid` = 10 AND `status` = 1  [ RunTime:0.0000s ]
SQL: SELECT * FROM `category` WHERE `pid` = 11 AND `status` = 1  [ RunTime:0.0010s ]
SQL: SELECT * FROM `category` WHERE `pid` = 13 AND `status` = 1  [ RunTime:0.0000s ]
SQL: SELECT * FROM `category` WHERE `pid` = 14 AND `status` = 1  [ RunTime:0.0000s ]
SQL: SELECT * FROM `category` WHERE `pid` = 15 AND `status` = 1  [ RunTime:0.0000s ]
SQL: SELECT * FROM `category` WHERE `pid` = 16 AND `status` = 1  [ RunTime:0.0010s ]
SQL: SELECT * FROM `category` WHERE `pid` = 17 AND `status` = 1  [ RunTime:0.0010s ]
SQL: SELECT * FROM `category` WHERE `pid` = 18 AND `status` = 1  [ RunTime:0.0010s ]
SQL: SELECT * FROM `category` WHERE `pid` = 19 AND `status` = 1  [ RunTime:0.0010s ]

[ 2017-07-10T19:39:45+08:00 ] 127.0.0.1 /Admin/cate/getchild.html?id=10
INFO: [ app_begin ] --START--
INFO: Run Behavior\ReadHtmlCacheBehavior [ RunTime:0.000000s ]
INFO: [ app_begin ] --END-- [ RunTime:0.001001s ]
SQL: SHOW COLUMNS FROM `role` [ RunTime:0.0030s ]
SQL: SELECT `power` FROM `role` WHERE `id` = 1 LIMIT 1   [ RunTime:0.0010s ]
SQL: SHOW COLUMNS FROM `permission` [ RunTime:0.0050s ]
SQL: SELECT * FROM `permission`  [ RunTime:0.0010s ]
SQL: SHOW COLUMNS FROM `category` [ RunTime:0.0050s ]
SQL: SELECT * FROM `category` WHERE `pid` = 10 AND `status` = 1  [ RunTime:0.0010s ]
SQL: SELECT * FROM `category` WHERE `pid` = 20 AND `status` = 1  [ RunTime:0.0000s ]
SQL: SELECT * FROM `category` WHERE `pid` = 21 AND `status` = 1  [ RunTime:0.0000s ]
SQL: SELECT * FROM `category` WHERE `pid` = 22 AND `status` = 1  [ RunTime:0.0010s ]
SQL: SELECT * FROM `category` WHERE `pid` = 23 AND `status` = 1  [ RunTime:0.0000s ]
SQL: SELECT * FROM `category` WHERE `pid` = 87 AND `status` = 1  [ RunTime:0.0000s ]

[ 2017-07-10T19:41:38+08:00 ] 127.0.0.1 /Admin/cate/ishot.html
INFO: [ app_begin ] --START--
INFO: Run Behavior\ReadHtmlCacheBehavior [ RunTime:0.001001s ]
INFO: [ app_begin ] --END-- [ RunTime:0.001001s ]
SQL: SHOW COLUMNS FROM `role` [ RunTime:0.0030s ]
SQL: SELECT `power` FROM `role` WHERE `id` = 1 LIMIT 1   [ RunTime:0.0000s ]
SQL: SHOW COLUMNS FROM `permission` [ RunTime:0.0030s ]
SQL: SELECT * FROM `permission`  [ RunTime:0.0000s ]
SQL: SHOW COLUMNS FROM `category` [ RunTime:0.0040s ]
SQL: SELECT `ishot` FROM `category` WHERE `id` = 1 LIMIT 1   [ RunTime:0.0010s ]
SQL: UPDATE `category` SET `ishot`='1' WHERE `id` = 1 [ RunTime:0.0000s ]

[ 2017-07-10T19:41:42+08:00 ] 127.0.0.1 /Admin/cate/getchild.html?id=1
INFO: [ app_begin ] --START--
INFO: Run Behavior\ReadHtmlCacheBehavior [ RunTime:0.001000s ]
INFO: [ app_begin ] --END-- [ RunTime:0.001000s ]
SQL: SHOW COLUMNS FROM `role` [ RunTime:0.0040s ]
SQL: SELECT `power` FROM `role` WHERE `id` = 1 LIMIT 1   [ RunTime:0.0000s ]
SQL: SHOW COLUMNS FROM `permission` [ RunTime:0.0060s ]
SQL: SELECT * FROM `permission`  [ RunTime:0.0010s ]
SQL: SHOW COLUMNS FROM `category` [ RunTime:0.0050s ]
SQL: SELECT * FROM `category` WHERE `pid` = 1 AND `status` = 1  [ RunTime:0.0010s ]
SQL: SELECT * FROM `category` WHERE `pid` = 10 AND `status` = 1  [ RunTime:0.0000s ]
SQL: SELECT * FROM `category` WHERE `pid` = 11 AND `status` = 1  [ RunTime:0.0010s ]
SQL: SELECT * FROM `category` WHERE `pid` = 13 AND `status` = 1  [ RunTime:0.0000s ]
SQL: SELECT * FROM `category` WHERE `pid` = 14 AND `status` = 1  [ RunTime:0.0010s ]
SQL: SELECT * FROM `category` WHERE `pid` = 15 AND `status` = 1  [ RunTime:0.0010s ]
SQL: SELECT * FROM `category` WHERE `pid` = 16 AND `status` = 1  [ RunTime:0.0000s ]
SQL: SELECT * FROM `category` WHERE `pid` = 17 AND `status` = 1  [ RunTime:0.0000s ]
SQL: SELECT * FROM `category` WHERE `pid` = 18 AND `status` = 1  [ RunTime:0.0000s ]
SQL: SELECT * FROM `category` WHERE `pid` = 19 AND `status` = 1  [ RunTime:0.0010s ]

[ 2017-07-10T19:41:43+08:00 ] 127.0.0.1 /Admin/cate/getchild.html?id=10
INFO: [ app_begin ] --START--
INFO: Run Behavior\ReadHtmlCacheBehavior [ RunTime:0.001000s ]
INFO: [ app_begin ] --END-- [ RunTime:0.001000s ]
SQL: SHOW COLUMNS FROM `role` [ RunTime:0.0050s ]
SQL: SELECT `power` FROM `role` WHERE `id` = 1 LIMIT 1   [ RunTime:0.0000s ]
SQL: SHOW COLUMNS FROM `permission` [ RunTime:0.0030s ]
SQL: SELECT * FROM `permission`  [ RunTime:0.0010s ]
SQL: SHOW COLUMNS FROM `category` [ RunTime:0.0040s ]
SQL: SELECT * FROM `category` WHERE `pid` = 10 AND `status` = 1  [ RunTime:0.0010s ]
SQL: SELECT * FROM `category` WHERE `pid` = 20 AND `status` = 1  [ RunTime:0.0010s ]
SQL: SELECT * FROM `category` WHERE `pid` = 21 AND `status` = 1  [ RunTime:0.0000s ]
SQL: SELECT * FROM `category` WHERE `pid` = 22 AND `status` = 1  [ RunTime:0.0010s ]
SQL: SELECT * FROM `category` WHERE `pid` = 23 AND `status` = 1  [ RunTime:0.0000s ]
SQL: SELECT * FROM `category` WHERE `pid` = 87 AND `status` = 1  [ RunTime:0.0010s ]

[ 2017-07-10T19:41:44+08:00 ] 127.0.0.1 /Admin/cate/ishot.html
INFO: [ app_begin ] --START--
INFO: Run Behavior\ReadHtmlCacheBehavior [ RunTime:0.000000s ]
INFO: [ app_begin ] --END-- [ RunTime:0.001000s ]
SQL: SHOW COLUMNS FROM `role` [ RunTime:0.0040s ]
SQL: SELECT `power` FROM `role` WHERE `id` = 1 LIMIT 1   [ RunTime:0.0000s ]
SQL: SHOW COLUMNS FROM `permission` [ RunTime:0.0030s ]
SQL: SELECT * FROM `permission`  [ RunTime:0.0000s ]
SQL: SHOW COLUMNS FROM `category` [ RunTime:0.0040s ]
SQL: SELECT `ishot` FROM `category` WHERE `id` = 10 LIMIT 1   [ RunTime:0.0000s ]
SQL: UPDATE `category` SET `ishot`='1' WHERE `id` = 10 [ RunTime:0.0010s ]

[ 2017-07-10T19:41:48+08:00 ] 127.0.0.1 /Admin/cate/getchild.html?id=1
INFO: [ app_begin ] --START--
INFO: Run Behavior\ReadHtmlCacheBehavior [ RunTime:0.001000s ]
INFO: [ app_begin ] --END-- [ RunTime:0.001000s ]
SQL: SHOW COLUMNS FROM `role` [ RunTime:0.0040s ]
SQL: SELECT `power` FROM `role` WHERE `id` = 1 LIMIT 1   [ RunTime:0.0000s ]
SQL: SHOW COLUMNS FROM `permission` [ RunTime:0.0050s ]
SQL: SELECT * FROM `permission`  [ RunTime:0.0010s ]
SQL: SHOW COLUMNS FROM `category` [ RunTime:0.0050s ]
SQL: SELECT * FROM `category` WHERE `pid` = 1 AND `status` = 1  [ RunTime:0.0010s ]
SQL: SELECT * FROM `category` WHERE `pid` = 10 AND `status` = 1  [ RunTime:0.0000s ]
SQL: SELECT * FROM `category` WHERE `pid` = 11 AND `status` = 1  [ RunTime:0.0000s ]
SQL: SELECT * FROM `category` WHERE `pid` = 13 AND `status` = 1  [ RunTime:0.0000s ]
SQL: SELECT * FROM `category` WHERE `pid` = 14 AND `status` = 1  [ RunTime:0.0010s ]
SQL: SELECT * FROM `category` WHERE `pid` = 15 AND `status` = 1  [ RunTime:0.0000s ]
SQL: SELECT * FROM `category` WHERE `pid` = 16 AND `status` = 1  [ RunTime:0.0000s ]
SQL: SELECT * FROM `category` WHERE `pid` = 17 AND `status` = 1  [ RunTime:0.0000s ]
SQL: SELECT * FROM `category` WHERE `pid` = 18 AND `status` = 1  [ RunTime:0.0000s ]
SQL: SELECT * FROM `category` WHERE `pid` = 19 AND `status` = 1  [ RunTime:0.0010s ]

[ 2017-07-10T19:41:49+08:00 ] 127.0.0.1 /Admin/cate/getchild.html?id=10
INFO: [ app_begin ] --START--
INFO: Run Behavior\ReadHtmlCacheBehavior [ RunTime:0.002000s ]
INFO: [ app_begin ] --END-- [ RunTime:0.002000s ]
SQL: SHOW COLUMNS FROM `role` [ RunTime:0.0040s ]
SQL: SELECT `power` FROM `role` WHERE `id` = 1 LIMIT 1   [ RunTime:0.0010s ]
SQL: SHOW COLUMNS FROM `permission` [ RunTime:0.0030s ]
SQL: SELECT * FROM `permission`  [ RunTime:0.0010s ]
SQL: SHOW COLUMNS FROM `category` [ RunTime:0.0040s ]
SQL: SELECT * FROM `category` WHERE `pid` = 10 AND `status` = 1  [ RunTime:0.0000s ]
SQL: SELECT * FROM `category` WHERE `pid` = 20 AND `status` = 1  [ RunTime:0.0000s ]
SQL: SELECT * FROM `category` WHERE `pid` = 21 AND `status` = 1  [ RunTime:0.0000s ]
SQL: SELECT * FROM `category` WHERE `pid` = 22 AND `status` = 1  [ RunTime:0.0000s ]
SQL: SELECT * FROM `category` WHERE `pid` = 23 AND `status` = 1  [ RunTime:0.0000s ]
SQL: SELECT * FROM `category` WHERE `pid` = 87 AND `status` = 1  [ RunTime:0.0010s ]

[ 2017-07-10T19:41:51+08:00 ] 127.0.0.1 /Admin/cate/ishot.html
INFO: [ app_begin ] --START--
INFO: Run Behavior\ReadHtmlCacheBehavior [ RunTime:0.000000s ]
INFO: [ app_begin ] --END-- [ RunTime:0.001000s ]
SQL: SHOW COLUMNS FROM `role` [ RunTime:0.0040s ]
SQL: SELECT `power` FROM `role` WHERE `id` = 1 LIMIT 1   [ RunTime:0.0000s ]
SQL: SHOW COLUMNS FROM `permission` [ RunTime:0.0040s ]
SQL: SELECT * FROM `permission`  [ RunTime:0.0000s ]
SQL: SHOW COLUMNS FROM `category` [ RunTime:0.0030s ]
SQL: SELECT `ishot` FROM `category` WHERE `id` = 10 LIMIT 1   [ RunTime:0.0000s ]
SQL: UPDATE `category` SET `ishot`='2' WHERE `id` = 10 [ RunTime:0.0000s ]

[ 2017-07-10T19:41:52+08:00 ] 127.0.0.1 /Admin/cate/ishot.html
INFO: [ app_begin ] --START--
INFO: Run Behavior\ReadHtmlCacheBehavior [ RunTime:0.002000s ]
INFO: [ app_begin ] --END-- [ RunTime:0.002000s ]
SQL: SHOW COLUMNS FROM `role` [ RunTime:0.0050s ]
SQL: SELECT `power` FROM `role` WHERE `id` = 1 LIMIT 1   [ RunTime:0.0000s ]
SQL: SHOW COLUMNS FROM `permission` [ RunTime:0.0040s ]
SQL: SELECT * FROM `permission`  [ RunTime:0.0000s ]
SQL: SHOW COLUMNS FROM `category` [ RunTime:0.0040s ]
SQL: SELECT `ishot` FROM `category` WHERE `id` = 10 LIMIT 1   [ RunTime:0.0000s ]
SQL: UPDATE `category` SET `ishot`='1' WHERE `id` = 10 [ RunTime:0.0000s ]

[ 2017-07-10T19:41:53+08:00 ] 127.0.0.1 /Admin/cate/ishot.html
INFO: [ app_begin ] --START--
INFO: Run Behavior\ReadHtmlCacheBehavior [ RunTime:0.001000s ]
INFO: [ app_begin ] --END-- [ RunTime:0.001000s ]
SQL: SHOW COLUMNS FROM `role` [ RunTime:0.0030s ]
SQL: SELECT `power` FROM `role` WHERE `id` = 1 LIMIT 1   [ RunTime:0.0010s ]
SQL: SHOW COLUMNS FROM `permission` [ RunTime:0.0040s ]
SQL: SELECT * FROM `permission`  [ RunTime:0.0000s ]
SQL: SHOW COLUMNS FROM `category` [ RunTime:0.0050s ]
SQL: SELECT `ishot` FROM `category` WHERE `id` = 10 LIMIT 1   [ RunTime:0.0010s ]
SQL: UPDATE `category` SET `ishot`='2' WHERE `id` = 10 [ RunTime:0.0000s ]

[ 2017-07-10T19:41:54+08:00 ] 127.0.0.1 /Admin/cate/ishot.html
INFO: [ app_begin ] --START--
INFO: Run Behavior\ReadHtmlCacheBehavior [ RunTime:0.000000s ]
INFO: [ app_begin ] --END-- [ RunTime:0.001000s ]
SQL: SHOW COLUMNS FROM `role` [ RunTime:0.0030s ]
SQL: SELECT `power` FROM `role` WHERE `id` = 1 LIMIT 1   [ RunTime:0.0000s ]
SQL: SHOW COLUMNS FROM `permission` [ RunTime:0.0030s ]
SQL: SELECT * FROM `permission`  [ RunTime:0.0000s ]
SQL: SHOW COLUMNS FROM `category` [ RunTime:0.0040s ]
SQL: SELECT `ishot` FROM `category` WHERE `id` = 1 LIMIT 1   [ RunTime:0.0000s ]
SQL: UPDATE `category` SET `ishot`='2' WHERE `id` = 1 [ RunTime:0.0010s ]

[ 2017-07-10T19:43:57+08:00 ] 127.0.0.1 /Admin/cate/getchild.html?id=1
INFO: [ app_begin ] --START--
INFO: Run Behavior\ReadHtmlCacheBehavior [ RunTime:0.001000s ]
INFO: [ app_begin ] --END-- [ RunTime:0.002000s ]
SQL: SHOW COLUMNS FROM `role` [ RunTime:0.0030s ]
SQL: SELECT `power` FROM `role` WHERE `id` = 1 LIMIT 1   [ RunTime:0.0000s ]
SQL: SHOW COLUMNS FROM `permission` [ RunTime:0.0040s ]
SQL: SELECT * FROM `permission`  [ RunTime:0.0000s ]
SQL: SHOW COLUMNS FROM `category` [ RunTime:0.0040s ]
SQL: SELECT * FROM `category` WHERE `pid` = 1 AND `status` = 1  [ RunTime:0.0000s ]
SQL: SELECT * FROM `category` WHERE `pid` = 10 AND `status` = 1  [ RunTime:0.0010s ]
SQL: SELECT * FROM `category` WHERE `pid` = 11 AND `status` = 1  [ RunTime:0.0000s ]
SQL: SELECT * FROM `category` WHERE `pid` = 13 AND `status` = 1  [ RunTime:0.0010s ]
SQL: SELECT * FROM `category` WHERE `pid` = 14 AND `status` = 1  [ RunTime:0.0000s ]
SQL: SELECT * FROM `category` WHERE `pid` = 15 AND `status` = 1  [ RunTime:0.0010s ]
SQL: SELECT * FROM `category` WHERE `pid` = 16 AND `status` = 1  [ RunTime:0.0000s ]
SQL: SELECT * FROM `category` WHERE `pid` = 17 AND `status` = 1  [ RunTime:0.0000s ]
SQL: SELECT * FROM `category` WHERE `pid` = 18 AND `status` = 1  [ RunTime:0.0000s ]
SQL: SELECT * FROM `category` WHERE `pid` = 19 AND `status` = 1  [ RunTime:0.0000s ]

[ 2017-07-10T19:43:58+08:00 ] 127.0.0.1 /Admin/cate/getchild.html?id=10
INFO: [ app_begin ] --START--
INFO: Run Behavior\ReadHtmlCacheBehavior [ RunTime:0.000000s ]
INFO: [ app_begin ] --END-- [ RunTime:0.001000s ]
SQL: SHOW COLUMNS FROM `role` [ RunTime:0.0040s ]
SQL: SELECT `power` FROM `role` WHERE `id` = 1 LIMIT 1   [ RunTime:0.0010s ]
SQL: SHOW COLUMNS FROM `permission` [ RunTime:0.0030s ]
SQL: SELECT * FROM `permission`  [ RunTime:0.0010s ]
SQL: SHOW COLUMNS FROM `category` [ RunTime:0.0030s ]
SQL: SELECT * FROM `category` WHERE `pid` = 10 AND `status` = 1  [ RunTime:0.0010s ]
SQL: SELECT * FROM `category` WHERE `pid` = 20 AND `status` = 1  [ RunTime:0.0000s ]
SQL: SELECT * FROM `category` WHERE `pid` = 21 AND `status` = 1  [ RunTime:0.0010s ]
SQL: SELECT * FROM `category` WHERE `pid` = 22 AND `status` = 1  [ RunTime:0.0000s ]
SQL: SELECT * FROM `category` WHERE `pid` = 23 AND `status` = 1  [ RunTime:0.0000s ]
SQL: SELECT * FROM `category` WHERE `pid` = 87 AND `status` = 1  [ RunTime:0.0000s ]

[ 2017-07-10T19:44:42+08:00 ] 127.0.0.1 /Admin/cate/ishot.html
INFO: [ app_begin ] --START--
INFO: Run Behavior\ReadHtmlCacheBehavior [ RunTime:0.002001s ]
INFO: [ app_begin ] --END-- [ RunTime:0.002001s ]
SQL: SHOW COLUMNS FROM `role` [ RunTime:0.0040s ]
SQL: SELECT `power` FROM `role` WHERE `id` = 1 LIMIT 1   [ RunTime:0.0000s ]
SQL: SHOW COLUMNS FROM `permission` [ RunTime:0.0030s ]
SQL: SELECT * FROM `permission`  [ RunTime:0.0000s ]
SQL: SHOW COLUMNS FROM `category` [ RunTime:0.0040s ]
SQL: SELECT `ishot` FROM `category` WHERE `id` = 20 LIMIT 1   [ RunTime:0.0000s ]
SQL: UPDATE `category` SET `ishot`='2' WHERE `id` = 20 [ RunTime:0.0000s ]

[ 2017-07-10T19:44:43+08:00 ] 127.0.0.1 /Admin/cate/ishot.html
INFO: [ app_begin ] --START--
INFO: Run Behavior\ReadHtmlCacheBehavior [ RunTime:0.001000s ]
INFO: [ app_begin ] --END-- [ RunTime:0.001000s ]
SQL: SHOW COLUMNS FROM `role` [ RunTime:0.0030s ]
SQL: SELECT `power` FROM `role` WHERE `id` = 1 LIMIT 1   [ RunTime:0.0010s ]
SQL: SHOW COLUMNS FROM `permission` [ RunTime:0.0030s ]
SQL: SELECT * FROM `permission`  [ RunTime:0.0010s ]
SQL: SHOW COLUMNS FROM `category` [ RunTime:0.0030s ]
SQL: SELECT `ishot` FROM `category` WHERE `id` = 20 LIMIT 1   [ RunTime:0.0000s ]
SQL: UPDATE `category` SET `ishot`='1' WHERE `id` = 20 [ RunTime:0.0000s ]

[ 2017-07-10T19:44:44+08:00 ] 127.0.0.1 /Admin/cate/ishot.html
INFO: [ app_begin ] --START--
INFO: Run Behavior\ReadHtmlCacheBehavior [ RunTime:0.000000s ]
INFO: [ app_begin ] --END-- [ RunTime:0.001000s ]
SQL: SHOW COLUMNS FROM `role` [ RunTime:0.0040s ]
SQL: SELECT `power` FROM `role` WHERE `id` = 1 LIMIT 1   [ RunTime:0.0000s ]
SQL: SHOW COLUMNS FROM `permission` [ RunTime:0.0040s ]
SQL: SELECT * FROM `permission`  [ RunTime:0.0000s ]
SQL: SHOW COLUMNS FROM `category` [ RunTime:0.0040s ]
SQL: SELECT `ishot` FROM `category` WHERE `id` = 20 LIMIT 1   [ RunTime:0.0000s ]
SQL: UPDATE `category` SET `ishot`='2' WHERE `id` = 20 [ RunTime:0.0010s ]

[ 2017-07-10T19:44:45+08:00 ] 127.0.0.1 /Admin/cate/ishot.html
INFO: [ app_begin ] --START--
INFO: Run Behavior\ReadHtmlCacheBehavior [ RunTime:0.001000s ]
INFO: [ app_begin ] --END-- [ RunTime:0.001000s ]
SQL: SHOW COLUMNS FROM `role` [ RunTime:0.0040s ]
SQL: SELECT `power` FROM `role` WHERE `id` = 1 LIMIT 1   [ RunTime:0.0000s ]
SQL: SHOW COLUMNS FROM `permission` [ RunTime:0.0050s ]
SQL: SELECT * FROM `permission`  [ RunTime:0.0000s ]
SQL: SHOW COLUMNS FROM `category` [ RunTime:0.0050s ]
SQL: SELECT `ishot` FROM `category` WHERE `id` = 20 LIMIT 1   [ RunTime:0.0000s ]
SQL: UPDATE `category` SET `ishot`='1' WHERE `id` = 20 [ RunTime:0.0000s ]

[ 2017-07-10T19:44:45+08:00 ] 127.0.0.1 /Admin/cate/ishot.html
INFO: [ app_begin ] --START--
INFO: Run Behavior\ReadHtmlCacheBehavior [ RunTime:0.000000s ]
INFO: [ app_begin ] --END-- [ RunTime:0.001000s ]
SQL: SHOW COLUMNS FROM `role` [ RunTime:0.0040s ]
SQL: SELECT `power` FROM `role` WHERE `id` = 1 LIMIT 1   [ RunTime:0.0000s ]
SQL: SHOW COLUMNS FROM `permission` [ RunTime:0.0040s ]
SQL: SELECT * FROM `permission`  [ RunTime:0.0000s ]
SQL: SHOW COLUMNS FROM `category` [ RunTime:0.0040s ]
SQL: SELECT `ishot` FROM `category` WHERE `id` = 20 LIMIT 1   [ RunTime:0.0010s ]
SQL: UPDATE `category` SET `ishot`='2' WHERE `id` = 20 [ RunTime:0.0000s ]

[ 2017-07-10T19:44:46+08:00 ] 127.0.0.1 /Admin/cate/ishot.html
INFO: [ app_begin ] --START--
INFO: Run Behavior\ReadHtmlCacheBehavior [ RunTime:0.001000s ]
INFO: [ app_begin ] --END-- [ RunTime:0.002000s ]
SQL: SHOW COLUMNS FROM `role` [ RunTime:0.0040s ]
SQL: SELECT `power` FROM `role` WHERE `id` = 1 LIMIT 1   [ RunTime:0.0000s ]
SQL: SHOW COLUMNS FROM `permission` [ RunTime:0.0030s ]
SQL: SELECT * FROM `permission`  [ RunTime:0.0000s ]
SQL: SHOW COLUMNS FROM `category` [ RunTime:0.0030s ]
SQL: SELECT `ishot` FROM `category` WHERE `id` = 20 LIMIT 1   [ RunTime:0.0000s ]
SQL: UPDATE `category` SET `ishot`='1' WHERE `id` = 20 [ RunTime:0.0000s ]

[ 2017-07-10T19:44:49+08:00 ] 127.0.0.1 /Admin/cate/getchild.html?id=1
INFO: [ app_begin ] --START--
INFO: Run Behavior\ReadHtmlCacheBehavior [ RunTime:0.001000s ]
INFO: [ app_begin ] --END-- [ RunTime:0.002000s ]
SQL: SHOW COLUMNS FROM `role` [ RunTime:0.0040s ]
SQL: SELECT `power` FROM `role` WHERE `id` = 1 LIMIT 1   [ RunTime:0.0010s ]
SQL: SHOW COLUMNS FROM `permission` [ RunTime:0.0050s ]
SQL: SELECT * FROM `permission`  [ RunTime:0.0010s ]
SQL: SHOW COLUMNS FROM `category` [ RunTime:0.0040s ]
SQL: SELECT * FROM `category` WHERE `pid` = 1 AND `status` = 1  [ RunTime:0.0000s ]
SQL: SELECT * FROM `category` WHERE `pid` = 10 AND `status` = 1  [ RunTime:0.0000s ]
SQL: SELECT * FROM `category` WHERE `pid` = 11 AND `status` = 1  [ RunTime:0.0000s ]
SQL: SELECT * FROM `category` WHERE `pid` = 13 AND `status` = 1  [ RunTime:0.0010s ]
SQL: SELECT * FROM `category` WHERE `pid` = 14 AND `status` = 1  [ RunTime:0.0000s ]
SQL: SELECT * FROM `category` WHERE `pid` = 15 AND `status` = 1  [ RunTime:0.0010s ]
SQL: SELECT * FROM `category` WHERE `pid` = 16 AND `status` = 1  [ RunTime:0.0000s ]
SQL: SELECT * FROM `category` WHERE `pid` = 17 AND `status` = 1  [ RunTime:0.0000s ]
SQL: SELECT * FROM `category` WHERE `pid` = 18 AND `status` = 1  [ RunTime:0.0000s ]
SQL: SELECT * FROM `category` WHERE `pid` = 19 AND `status` = 1  [ RunTime:0.0000s ]

[ 2017-07-10T19:44:50+08:00 ] 127.0.0.1 /Admin/cate/getchild.html?id=10
INFO: [ app_begin ] --START--
INFO: Run Behavior\ReadHtmlCacheBehavior [ RunTime:0.001000s ]
INFO: [ app_begin ] --END-- [ RunTime:0.001000s ]
SQL: SHOW COLUMNS FROM `role` [ RunTime:0.0040s ]
SQL: SELECT `power` FROM `role` WHERE `id` = 1 LIMIT 1   [ RunTime:0.0010s ]
SQL: SHOW COLUMNS FROM `permission` [ RunTime:0.0050s ]
SQL: SELECT * FROM `permission`  [ RunTime:0.0010s ]
SQL: SHOW COLUMNS FROM `category` [ RunTime:0.0050s ]
SQL: SELECT * FROM `category` WHERE `pid` = 10 AND `status` = 1  [ RunTime:0.0000s ]
SQL: SELECT * FROM `category` WHERE `pid` = 20 AND `status` = 1  [ RunTime:0.0000s ]
SQL: SELECT * FROM `category` WHERE `pid` = 21 AND `status` = 1  [ RunTime:0.0010s ]
SQL: SELECT * FROM `category` WHERE `pid` = 22 AND `status` = 1  [ RunTime:0.0000s ]
SQL: SELECT * FROM `category` WHERE `pid` = 23 AND `status` = 1  [ RunTime:0.0000s ]
SQL: SELECT * FROM `category` WHERE `pid` = 87 AND `status` = 1  [ RunTime:0.0000s ]

[ 2017-07-10T19:46:20+08:00 ] 127.0.0.1 /Admin/cate/getchild.html?id=1
INFO: [ app_begin ] --START--
INFO: Run Behavior\ReadHtmlCacheBehavior [ RunTime:0.001000s ]
INFO: [ app_begin ] --END-- [ RunTime:0.002000s ]
SQL: SHOW COLUMNS FROM `role` [ RunTime:0.0060s ]
SQL: SELECT `power` FROM `role` WHERE `id` = 1 LIMIT 1   [ RunTime:0.0010s ]
SQL: SHOW COLUMNS FROM `permission` [ RunTime:0.0050s ]
SQL: SELECT * FROM `permission`  [ RunTime:0.0010s ]
SQL: SHOW COLUMNS FROM `category` [ RunTime:0.0060s ]
SQL: SELECT * FROM `category` WHERE `pid` = 1 AND `status` = 1  [ RunTime:0.0010s ]
SQL: SELECT * FROM `category` WHERE `pid` = 10 AND `status` = 1  [ RunTime:0.0000s ]
SQL: SELECT * FROM `category` WHERE `pid` = 11 AND `status` = 1  [ RunTime:0.0000s ]
SQL: SELECT * FROM `category` WHERE `pid` = 13 AND `status` = 1  [ RunTime:0.0010s ]
SQL: SELECT * FROM `category` WHERE `pid` = 14 AND `status` = 1  [ RunTime:0.0000s ]
SQL: SELECT * FROM `category` WHERE `pid` = 15 AND `status` = 1  [ RunTime:0.0000s ]
SQL: SELECT * FROM `category` WHERE `pid` = 16 AND `status` = 1  [ RunTime:0.0010s ]
SQL: SELECT * FROM `category` WHERE `pid` = 17 AND `status` = 1  [ RunTime:0.0000s ]
SQL: SELECT * FROM `category` WHERE `pid` = 18 AND `status` = 1  [ RunTime:0.0010s ]
SQL: SELECT * FROM `category` WHERE `pid` = 19 AND `status` = 1  [ RunTime:0.0000s ]

[ 2017-07-10T19:46:24+08:00 ] 127.0.0.1 /Admin/cate/getchild.html?id=1
INFO: [ app_begin ] --START--
INFO: Run Behavior\ReadHtmlCacheBehavior [ RunTime:0.001000s ]
INFO: [ app_begin ] --END-- [ RunTime:0.002000s ]
SQL: SHOW COLUMNS FROM `role` [ RunTime:0.0040s ]
SQL: SELECT `power` FROM `role` WHERE `id` = 1 LIMIT 1   [ RunTime:0.0010s ]
SQL: SHOW COLUMNS FROM `permission` [ RunTime:0.0040s ]
SQL: SELECT * FROM `permission`  [ RunTime:0.0010s ]
SQL: SHOW COLUMNS FROM `category` [ RunTime:0.0040s ]
SQL: SELECT * FROM `category` WHERE `pid` = 1 AND `status` = 1  [ RunTime:0.0010s ]
SQL: SELECT * FROM `category` WHERE `pid` = 10 AND `status` = 1  [ RunTime:0.0000s ]
SQL: SELECT * FROM `category` WHERE `pid` = 11 AND `status` = 1  [ RunTime:0.0010s ]
SQL: SELECT * FROM `category` WHERE `pid` = 13 AND `status` = 1  [ RunTime:0.0000s ]
SQL: SELECT * FROM `category` WHERE `pid` = 14 AND `status` = 1  [ RunTime:0.0010s ]
SQL: SELECT * FROM `category` WHERE `pid` = 15 AND `status` = 1  [ RunTime:0.0000s ]
SQL: SELECT * FROM `category` WHERE `pid` = 16 AND `status` = 1  [ RunTime:0.0010s ]
SQL: SELECT * FROM `category` WHERE `pid` = 17 AND `status` = 1  [ RunTime:0.0000s ]
SQL: SELECT * FROM `category` WHERE `pid` = 18 AND `status` = 1  [ RunTime:0.0000s ]
SQL: SELECT * FROM `category` WHERE `pid` = 19 AND `status` = 1  [ RunTime:0.0000s ]

[ 2017-07-10T19:46:31+08:00 ] 127.0.0.1 /Admin/cate/getchild.html?id=1
INFO: [ app_begin ] --START--
INFO: Run Behavior\ReadHtmlCacheBehavior [ RunTime:0.001000s ]
INFO: [ app_begin ] --END-- [ RunTime:0.001000s ]
SQL: SHOW COLUMNS FROM `role` [ RunTime:0.0040s ]
SQL: SELECT `power` FROM `role` WHERE `id` = 1 LIMIT 1   [ RunTime:0.0020s ]
SQL: SHOW COLUMNS FROM `permission` [ RunTime:0.0070s ]
SQL: SELECT * FROM `permission`  [ RunTime:0.0010s ]
SQL: SHOW COLUMNS FROM `category` [ RunTime:0.0080s ]
SQL: SELECT * FROM `category` WHERE `pid` = 1 AND `status` = 1  [ RunTime:0.0010s ]
SQL: SELECT * FROM `category` WHERE `pid` = 10 AND `status` = 1  [ RunTime:0.0010s ]
SQL: SELECT * FROM `category` WHERE `pid` = 11 AND `status` = 1  [ RunTime:0.0010s ]
SQL: SELECT * FROM `category` WHERE `pid` = 13 AND `status` = 1  [ RunTime:0.0010s ]
SQL: SELECT * FROM `category` WHERE `pid` = 14 AND `status` = 1  [ RunTime:0.0010s ]
SQL: SELECT * FROM `category` WHERE `pid` = 15 AND `status` = 1  [ RunTime:0.0000s ]
SQL: SELECT * FROM `category` WHERE `pid` = 16 AND `status` = 1  [ RunTime:0.0010s ]
SQL: SELECT * FROM `category` WHERE `pid` = 17 AND `status` = 1  [ RunTime:0.0000s ]
SQL: SELECT * FROM `category` WHERE `pid` = 18 AND `status` = 1  [ RunTime:0.0000s ]
SQL: SELECT * FROM `category` WHERE `pid` = 19 AND `status` = 1  [ RunTime:0.0000s ]

[ 2017-07-10T19:46:48+08:00 ] 127.0.0.1 /Admin/cate/getchild.html?id=1
INFO: [ app_begin ] --START--
INFO: Run Behavior\ReadHtmlCacheBehavior [ RunTime:0.001000s ]
INFO: [ app_begin ] --END-- [ RunTime:0.001000s ]
SQL: SHOW COLUMNS FROM `role` [ RunTime:0.0050s ]
SQL: SELECT `power` FROM `role` WHERE `id` = 1 LIMIT 1   [ RunTime:0.0000s ]
SQL: SHOW COLUMNS FROM `permission` [ RunTime:0.0040s ]
SQL: SELECT * FROM `permission`  [ RunTime:0.0010s ]
SQL: SHOW COLUMNS FROM `category` [ RunTime:0.0030s ]
SQL: SELECT * FROM `category` WHERE `pid` = 1 AND `status` = 1  [ RunTime:0.0000s ]
SQL: SELECT * FROM `category` WHERE `pid` = 10 AND `status` = 1  [ RunTime:0.0000s ]
SQL: SELECT * FROM `category` WHERE `pid` = 11 AND `status` = 1  [ RunTime:0.0000s ]
SQL: SELECT * FROM `category` WHERE `pid` = 13 AND `status` = 1  [ RunTime:0.0000s ]
SQL: SELECT * FROM `category` WHERE `pid` = 14 AND `status` = 1  [ RunTime:0.0010s ]
SQL: SELECT * FROM `category` WHERE `pid` = 15 AND `status` = 1  [ RunTime:0.0010s ]
SQL: SELECT * FROM `category` WHERE `pid` = 16 AND `status` = 1  [ RunTime:0.0000s ]
SQL: SELECT * FROM `category` WHERE `pid` = 17 AND `status` = 1  [ RunTime:0.0000s ]
SQL: SELECT * FROM `category` WHERE `pid` = 18 AND `status` = 1  [ RunTime:0.0000s ]
SQL: SELECT * FROM `category` WHERE `pid` = 19 AND `status` = 1  [ RunTime:0.0000s ]

[ 2017-07-10T19:46:56+08:00 ] 127.0.0.1 /Admin/cate/getchild.html?id=10
INFO: [ app_begin ] --START--
INFO: Run Behavior\ReadHtmlCacheBehavior [ RunTime:0.001000s ]
INFO: [ app_begin ] --END-- [ RunTime:0.001000s ]
SQL: SHOW COLUMNS FROM `role` [ RunTime:0.0040s ]
SQL: SELECT `power` FROM `role` WHERE `id` = 1 LIMIT 1   [ RunTime:0.0010s ]
SQL: SHOW COLUMNS FROM `permission` [ RunTime:0.0040s ]
SQL: SELECT * FROM `permission`  [ RunTime:0.0000s ]
SQL: SHOW COLUMNS FROM `category` [ RunTime:0.0150s ]
SQL: SELECT * FROM `category` WHERE `pid` = 10 AND `status` = 1  [ RunTime:0.0010s ]
SQL: SELECT * FROM `category` WHERE `pid` = 20 AND `status` = 1  [ RunTime:0.0010s ]
SQL: SELECT * FROM `category` WHERE `pid` = 21 AND `status` = 1  [ RunTime:0.0010s ]
SQL: SELECT * FROM `category` WHERE `pid` = 22 AND `status` = 1  [ RunTime:0.0000s ]
SQL: SELECT * FROM `category` WHERE `pid` = 23 AND `status` = 1  [ RunTime:0.0000s ]
SQL: SELECT * FROM `category` WHERE `pid` = 87 AND `status` = 1  [ RunTime:0.0010s ]

[ 2017-07-10T19:47:48+08:00 ] 127.0.0.1 /Admin/cate/getchild.html?id=1
INFO: [ app_begin ] --START--
INFO: Run Behavior\ReadHtmlCacheBehavior [ RunTime:0.001000s ]
INFO: [ app_begin ] --END-- [ RunTime:0.002000s ]
SQL: SHOW COLUMNS FROM `role` [ RunTime:0.0050s ]
SQL: SELECT `power` FROM `role` WHERE `id` = 1 LIMIT 1   [ RunTime:0.0000s ]
SQL: SHOW COLUMNS FROM `permission` [ RunTime:0.0030s ]
SQL: SELECT * FROM `permission`  [ RunTime:0.0000s ]
SQL: SHOW COLUMNS FROM `category` [ RunTime:0.0040s ]
SQL: SELECT * FROM `category` WHERE `pid` = 1 AND `status` = 1  [ RunTime:0.0010s ]
SQL: SELECT * FROM `category` WHERE `pid` = 10 AND `status` = 1  [ RunTime:0.0000s ]
SQL: SELECT * FROM `category` WHERE `pid` = 11 AND `status` = 1  [ RunTime:0.0010s ]
SQL: SELECT * FROM `category` WHERE `pid` = 13 AND `status` = 1  [ RunTime:0.0010s ]
SQL: SELECT * FROM `category` WHERE `pid` = 14 AND `status` = 1  [ RunTime:0.0000s ]
SQL: SELECT * FROM `category` WHERE `pid` = 15 AND `status` = 1  [ RunTime:0.0000s ]
SQL: SELECT * FROM `category` WHERE `pid` = 16 AND `status` = 1  [ RunTime:0.0000s ]
SQL: SELECT * FROM `category` WHERE `pid` = 17 AND `status` = 1  [ RunTime:0.0010s ]
SQL: SELECT * FROM `category` WHERE `pid` = 18 AND `status` = 1  [ RunTime:0.0000s ]
SQL: SELECT * FROM `category` WHERE `pid` = 19 AND `status` = 1  [ RunTime:0.0000s ]
INFO: [ app_end ] --START--
INFO: Run Behavior\ShowPageTraceBehavior [ RunTime:0.002000s ]
INFO: [ app_end ] --END-- [ RunTime:0.002000s ]

[ 2017-07-10T19:47:49+08:00 ] 127.0.0.1 /Admin/cate/getchild.html?id=10
INFO: [ app_begin ] --START--
INFO: Run Behavior\ReadHtmlCacheBehavior [ RunTime:0.000000s ]
INFO: [ app_begin ] --END-- [ RunTime:0.001000s ]
SQL: SHOW COLUMNS FROM `role` [ RunTime:0.0030s ]
SQL: SELECT `power` FROM `role` WHERE `id` = 1 LIMIT 1   [ RunTime:0.0010s ]
SQL: SHOW COLUMNS FROM `permission` [ RunTime:0.0040s ]
SQL: SELECT * FROM `permission`  [ RunTime:0.0000s ]
SQL: SHOW COLUMNS FROM `category` [ RunTime:0.0040s ]
SQL: SELECT * FROM `category` WHERE `pid` = 10 AND `status` = 1  [ RunTime:0.0000s ]
SQL: SELECT * FROM `category` WHERE `pid` = 20 AND `status` = 1  [ RunTime:0.0000s ]
SQL: SELECT * FROM `category` WHERE `pid` = 21 AND `status` = 1  [ RunTime:0.0000s ]
SQL: SELECT * FROM `category` WHERE `pid` = 22 AND `status` = 1  [ RunTime:0.0000s ]
SQL: SELECT * FROM `category` WHERE `pid` = 23 AND `status` = 1  [ RunTime:0.0010s ]
SQL: SELECT * FROM `category` WHERE `pid` = 87 AND `status` = 1  [ RunTime:0.0000s ]
INFO: [ app_end ] --START--
INFO: Run Behavior\ShowPageTraceBehavior [ RunTime:0.001000s ]
INFO: [ app_end ] --END-- [ RunTime:0.002000s ]

[ 2017-07-10T19:48:49+08:00 ] 127.0.0.1 /Admin/cate/getchild.html?id=1
INFO: [ app_begin ] --START--
INFO: Run Behavior\ReadHtmlCacheBehavior [ RunTime:0.001001s ]
INFO: [ app_begin ] --END-- [ RunTime:0.001001s ]
SQL: SHOW COLUMNS FROM `role` [ RunTime:0.0060s ]
SQL: SELECT `power` FROM `role` WHERE `id` = 1 LIMIT 1   [ RunTime:0.0000s ]
SQL: SHOW COLUMNS FROM `permission` [ RunTime:0.0050s ]
SQL: SELECT * FROM `permission`  [ RunTime:0.0010s ]
SQL: SHOW COLUMNS FROM `category` [ RunTime:0.0060s ]
SQL: SELECT * FROM `category` WHERE `pid` = 1 AND `status` = 1  [ RunTime:0.0000s ]
SQL: SELECT * FROM `category` WHERE `pid` = 10 AND `status` = 1  [ RunTime:0.0000s ]
SQL: SELECT * FROM `category` WHERE `pid` = 11 AND `status` = 1  [ RunTime:0.0010s ]
SQL: SELECT * FROM `category` WHERE `pid` = 13 AND `status` = 1  [ RunTime:0.0000s ]
SQL: SELECT * FROM `category` WHERE `pid` = 14 AND `status` = 1  [ RunTime:0.0010s ]
SQL: SELECT * FROM `category` WHERE `pid` = 15 AND `status` = 1  [ RunTime:0.0000s ]
SQL: SELECT * FROM `category` WHERE `pid` = 16 AND `status` = 1  [ RunTime:0.0010s ]
SQL: SELECT * FROM `category` WHERE `pid` = 17 AND `status` = 1  [ RunTime:0.0010s ]
SQL: SELECT * FROM `category` WHERE `pid` = 18 AND `status` = 1  [ RunTime:0.0020s ]
SQL: SELECT * FROM `category` WHERE `pid` = 19 AND `status` = 1  [ RunTime:0.0000s ]
INFO: [ app_end ] --START--
INFO: Run Behavior\ShowPageTraceBehavior [ RunTime:0.002000s ]
INFO: [ app_end ] --END-- [ RunTime:0.002000s ]

[ 2017-07-10T19:51:43+08:00 ] 127.0.0.1 /Admin/cate/getchild.html?id=1
INFO: [ app_begin ] --START--
INFO: Run Behavior\ReadHtmlCacheBehavior [ RunTime:0.001000s ]
INFO: [ app_begin ] --END-- [ RunTime:0.002000s ]
SQL: SHOW COLUMNS FROM `role` [ RunTime:0.0040s ]
SQL: SELECT `power` FROM `role` WHERE `id` = 1 LIMIT 1   [ RunTime:0.0010s ]
SQL: SHOW COLUMNS FROM `permission` [ RunTime:0.0040s ]
SQL: SELECT * FROM `permission`  [ RunTime:0.0000s ]
SQL: SHOW COLUMNS FROM `category` [ RunTime:0.0040s ]
SQL: SELECT * FROM `category` WHERE `pid` = 1 AND `status` = 1  [ RunTime:0.0010s ]
SQL: SELECT * FROM `category` WHERE `pid` = 10 AND `status` = 1  [ RunTime:0.0000s ]
SQL: SELECT * FROM `category` WHERE `pid` = 11 AND `status` = 1  [ RunTime:0.0010s ]
SQL: SELECT * FROM `category` WHERE `pid` = 13 AND `status` = 1  [ RunTime:0.0000s ]
SQL: SELECT * FROM `category` WHERE `pid` = 14 AND `status` = 1  [ RunTime:0.0010s ]
SQL: SELECT * FROM `category` WHERE `pid` = 15 AND `status` = 1  [ RunTime:0.0000s ]
SQL: SELECT * FROM `category` WHERE `pid` = 16 AND `status` = 1  [ RunTime:0.0000s ]
SQL: SELECT * FROM `category` WHERE `pid` = 17 AND `status` = 1  [ RunTime:0.0010s ]
SQL: SELECT * FROM `category` WHERE `pid` = 18 AND `status` = 1  [ RunTime:0.0000s ]
SQL: SELECT * FROM `category` WHERE `pid` = 19 AND `status` = 1  [ RunTime:0.0010s ]
INFO: [ app_end ] --START--
INFO: Run Behavior\ShowPageTraceBehavior [ RunTime:0.001000s ]
INFO: [ app_end ] --END-- [ RunTime:0.001000s ]

[ 2017-07-10T19:51:44+08:00 ] 127.0.0.1 /Admin/cate/getchild.html?id=10
INFO: [ app_begin ] --START--
INFO: Run Behavior\ReadHtmlCacheBehavior [ RunTime:0.001000s ]
INFO: [ app_begin ] --END-- [ RunTime:0.002000s ]
SQL: SHOW COLUMNS FROM `role` [ RunTime:0.0050s ]
SQL: SELECT `power` FROM `role` WHERE `id` = 1 LIMIT 1   [ RunTime:0.0000s ]
SQL: SHOW COLUMNS FROM `permission` [ RunTime:0.0040s ]
SQL: SELECT * FROM `permission`  [ RunTime:0.0010s ]
SQL: SHOW COLUMNS FROM `category` [ RunTime:0.0040s ]
SQL: SELECT * FROM `category` WHERE `pid` = 10 AND `status` = 1  [ RunTime:0.0010s ]
SQL: SELECT * FROM `category` WHERE `pid` = 20 AND `status` = 1  [ RunTime:0.0000s ]
SQL: SELECT * FROM `category` WHERE `pid` = 21 AND `status` = 1  [ RunTime:0.0010s ]
SQL: SELECT * FROM `category` WHERE `pid` = 22 AND `status` = 1  [ RunTime:0.0000s ]
SQL: SELECT * FROM `category` WHERE `pid` = 23 AND `status` = 1  [ RunTime:0.0000s ]
SQL: SELECT * FROM `category` WHERE `pid` = 87 AND `status` = 1  [ RunTime:0.0010s ]
INFO: [ app_end ] --START--
INFO: Run Behavior\ShowPageTraceBehavior [ RunTime:0.001000s ]
INFO: [ app_end ] --END-- [ RunTime:0.001000s ]

[ 2017-07-10T19:55:34+08:00 ] 127.0.0.1 /Admin/cate/getchild.html?id=1
INFO: [ app_begin ] --START--
INFO: Run Behavior\ReadHtmlCacheBehavior [ RunTime:0.001000s ]
INFO: [ app_begin ] --END-- [ RunTime:0.002000s ]
SQL: SHOW COLUMNS FROM `role` [ RunTime:0.0050s ]
SQL: SELECT `power` FROM `role` WHERE `id` = 1 LIMIT 1   [ RunTime:0.0000s ]
SQL: SHOW COLUMNS FROM `permission` [ RunTime:0.0060s ]
SQL: SELECT * FROM `permission`  [ RunTime:0.0000s ]
SQL: SHOW COLUMNS FROM `category` [ RunTime:0.0050s ]
SQL: SELECT * FROM `category` WHERE `pid` = 1 AND `status` = 1  [ RunTime:0.0010s ]
SQL: SELECT * FROM `category` WHERE `pid` = 10 AND `status` = 1  [ RunTime:0.0000s ]
SQL: SELECT * FROM `category` WHERE `pid` = 11 AND `status` = 1  [ RunTime:0.0010s ]
SQL: SELECT * FROM `category` WHERE `pid` = 13 AND `status` = 1  [ RunTime:0.0000s ]
SQL: SELECT * FROM `category` WHERE `pid` = 14 AND `status` = 1  [ RunTime:0.0010s ]
SQL: SELECT * FROM `category` WHERE `pid` = 15 AND `status` = 1  [ RunTime:0.0000s ]
SQL: SELECT * FROM `category` WHERE `pid` = 16 AND `status` = 1  [ RunTime:0.0000s ]
SQL: SELECT * FROM `category` WHERE `pid` = 17 AND `status` = 1  [ RunTime:0.0000s ]
SQL: SELECT * FROM `category` WHERE `pid` = 18 AND `status` = 1  [ RunTime:0.0010s ]
SQL: SELECT * FROM `category` WHERE `pid` = 19 AND `status` = 1  [ RunTime:0.0000s ]
INFO: [ app_end ] --START--
INFO: Run Behavior\ShowPageTraceBehavior [ RunTime:0.002000s ]
INFO: [ app_end ] --END-- [ RunTime:0.002000s ]

[ 2017-07-10T19:55:34+08:00 ] 127.0.0.1 /Admin/cate/getchild.html?id=10
INFO: [ app_begin ] --START--
INFO: Run Behavior\ReadHtmlCacheBehavior [ RunTime:0.001000s ]
INFO: [ app_begin ] --END-- [ RunTime:0.002000s ]
SQL: SHOW COLUMNS FROM `role` [ RunTime:0.0030s ]
SQL: SELECT `power` FROM `role` WHERE `id` = 1 LIMIT 1   [ RunTime:0.0000s ]
SQL: SHOW COLUMNS FROM `permission` [ RunTime:0.0040s ]
SQL: SELECT * FROM `permission`  [ RunTime:0.0000s ]
SQL: SHOW COLUMNS FROM `category` [ RunTime:0.0040s ]
SQL: SELECT * FROM `category` WHERE `pid` = 10 AND `status` = 1  [ RunTime:0.0010s ]
SQL: SELECT * FROM `category` WHERE `pid` = 20 AND `status` = 1  [ RunTime:0.0000s ]
SQL: SELECT * FROM `category` WHERE `pid` = 21 AND `status` = 1  [ RunTime:0.0000s ]
SQL: SELECT * FROM `category` WHERE `pid` = 22 AND `status` = 1  [ RunTime:0.0010s ]
SQL: SELECT * FROM `category` WHERE `pid` = 23 AND `status` = 1  [ RunTime:0.0000s ]
SQL: SELECT * FROM `category` WHERE `pid` = 87 AND `status` = 1  [ RunTime:0.0010s ]
INFO: [ app_end ] --START--
INFO: Run Behavior\ShowPageTraceBehavior [ RunTime:0.001000s ]
INFO: [ app_end ] --END-- [ RunTime:0.001000s ]

[ 2017-07-10T19:55:39+08:00 ] 127.0.0.1 /Admin/cate/getchild.html?id=11
INFO: [ app_begin ] --START--
INFO: Run Behavior\ReadHtmlCacheBehavior [ RunTime:0.001000s ]
INFO: [ app_begin ] --END-- [ RunTime:0.001000s ]
SQL: SHOW COLUMNS FROM `role` [ RunTime:0.0030s ]
SQL: SELECT `power` FROM `role` WHERE `id` = 1 LIMIT 1   [ RunTime:0.0010s ]
SQL: SHOW COLUMNS FROM `permission` [ RunTime:0.0030s ]
SQL: SELECT * FROM `permission`  [ RunTime:0.0010s ]
SQL: SHOW COLUMNS FROM `category` [ RunTime:0.0030s ]
SQL: SELECT * FROM `category` WHERE `pid` = 11 AND `status` = 1  [ RunTime:0.0010s ]
SQL: SELECT * FROM `category` WHERE `pid` = 12 AND `status` = 1  [ RunTime:0.0000s ]
SQL: SELECT * FROM `category` WHERE `pid` = 24 AND `status` = 1  [ RunTime:0.0010s ]
SQL: SELECT * FROM `category` WHERE `pid` = 25 AND `status` = 1  [ RunTime:0.0000s ]
SQL: SELECT * FROM `category` WHERE `pid` = 26 AND `status` = 1  [ RunTime:0.0010s ]
SQL: SELECT * FROM `category` WHERE `pid` = 29 AND `status` = 1  [ RunTime:0.0000s ]
SQL: SELECT * FROM `category` WHERE `pid` = 88 AND `status` = 1  [ RunTime:0.0010s ]
SQL: SELECT * FROM `category` WHERE `pid` = 89 AND `status` = 1  [ RunTime:0.0000s ]
SQL: SELECT * FROM `category` WHERE `pid` = 90 AND `status` = 1  [ RunTime:0.0010s ]
SQL: SELECT * FROM `category` WHERE `pid` = 91 AND `status` = 1  [ RunTime:0.0000s ]
INFO: [ app_end ] --START--
INFO: Run Behavior\ShowPageTraceBehavior [ RunTime:0.001000s ]
INFO: [ app_end ] --END-- [ RunTime:0.001000s ]

[ 2017-07-10T19:55:41+08:00 ] 127.0.0.1 /Admin/cate/getchild.html?id=13
INFO: [ app_begin ] --START--
INFO: Run Behavior\ReadHtmlCacheBehavior [ RunTime:0.001000s ]
INFO: [ app_begin ] --END-- [ RunTime:0.001000s ]
SQL: SHOW COLUMNS FROM `role` [ RunTime:0.0040s ]
SQL: SELECT `power` FROM `role` WHERE `id` = 1 LIMIT 1   [ RunTime:0.0000s ]
SQL: SHOW COLUMNS FROM `permission` [ RunTime:0.0050s ]
SQL: SELECT * FROM `permission`  [ RunTime:0.0010s ]
SQL: SHOW COLUMNS FROM `category` [ RunTime:0.0030s ]
SQL: SELECT * FROM `category` WHERE `pid` = 13 AND `status` = 1  [ RunTime:0.0000s ]
SQL: SELECT * FROM `category` WHERE `pid` = 27 AND `status` = 1  [ RunTime:0.0000s ]
SQL: SELECT * FROM `category` WHERE `pid` = 28 AND `status` = 1  [ RunTime:0.0000s ]
SQL: SELECT * FROM `category` WHERE `pid` = 102 AND `status` = 1  [ RunTime:0.0000s ]
INFO: [ app_end ] --START--
INFO: Run Behavior\ShowPageTraceBehavior [ RunTime:0.001000s ]
INFO: [ app_end ] --END-- [ RunTime:0.001000s ]

[ 2017-07-10T19:55:53+08:00 ] 127.0.0.1 /Admin/cate/getchild.html?id=10
INFO: [ app_begin ] --START--
INFO: Run Behavior\ReadHtmlCacheBehavior [ RunTime:0.002001s ]
INFO: [ app_begin ] --END-- [ RunTime:0.002001s ]
SQL: SHOW COLUMNS FROM `role` [ RunTime:0.0050s ]
SQL: SELECT `power` FROM `role` WHERE `id` = 1 LIMIT 1   [ RunTime:0.0000s ]
SQL: SHOW COLUMNS FROM `permission` [ RunTime:0.0050s ]
SQL: SELECT * FROM `permission`  [ RunTime:0.0000s ]
SQL: SHOW COLUMNS FROM `category` [ RunTime:0.0030s ]
SQL: SELECT * FROM `category` WHERE `pid` = 10 AND `status` = 1  [ RunTime:0.0000s ]
SQL: SELECT * FROM `category` WHERE `pid` = 20 AND `status` = 1  [ RunTime:0.0000s ]
SQL: SELECT * FROM `category` WHERE `pid` = 21 AND `status` = 1  [ RunTime:0.0010s ]
SQL: SELECT * FROM `category` WHERE `pid` = 22 AND `status` = 1  [ RunTime:0.0000s ]
SQL: SELECT * FROM `category` WHERE `pid` = 23 AND `status` = 1  [ RunTime:0.0000s ]
SQL: SELECT * FROM `category` WHERE `pid` = 87 AND `status` = 1  [ RunTime:0.0000s ]
INFO: [ app_end ] --START--
INFO: Run Behavior\ShowPageTraceBehavior [ RunTime:0.001000s ]
INFO: [ app_end ] --END-- [ RunTime:0.001000s ]

[ 2017-07-10T19:55:54+08:00 ] 127.0.0.1 /Admin/cate/ishot.html
INFO: [ app_begin ] --START--
INFO: Run Behavior\ReadHtmlCacheBehavior [ RunTime:0.001000s ]
INFO: [ app_begin ] --END-- [ RunTime:0.001000s ]
SQL: SHOW COLUMNS FROM `role` [ RunTime:0.0040s ]
SQL: SELECT `power` FROM `role` WHERE `id` = 1 LIMIT 1   [ RunTime:0.0000s ]
SQL: SHOW COLUMNS FROM `permission` [ RunTime:0.0040s ]
SQL: SELECT * FROM `permission`  [ RunTime:0.0000s ]
SQL: SHOW COLUMNS FROM `category` [ RunTime:0.0040s ]
SQL: SELECT `ishot` FROM `category` WHERE `id` = 20 LIMIT 1   [ RunTime:0.0000s ]
SQL: UPDATE `category` SET `ishot`='2' WHERE `id` = 20 [ RunTime:0.0000s ]

[ 2017-07-10T19:55:55+08:00 ] 127.0.0.1 /Admin/cate/ishot.html
INFO: [ app_begin ] --START--
INFO: Run Behavior\ReadHtmlCacheBehavior [ RunTime:0.001000s ]
INFO: [ app_begin ] --END-- [ RunTime:0.001000s ]
SQL: SHOW COLUMNS FROM `role` [ RunTime:0.0030s ]
SQL: SELECT `power` FROM `role` WHERE `id` = 1 LIMIT 1   [ RunTime:0.0000s ]
SQL: SHOW COLUMNS FROM `permission` [ RunTime:0.0040s ]
SQL: SELECT * FROM `permission`  [ RunTime:0.0000s ]
SQL: SHOW COLUMNS FROM `category` [ RunTime:0.0040s ]
SQL: SELECT `ishot` FROM `category` WHERE `id` = 20 LIMIT 1   [ RunTime:0.0000s ]
SQL: UPDATE `category` SET `ishot`='1' WHERE `id` = 20 [ RunTime:0.0010s ]

[ 2017-07-10T19:55:56+08:00 ] 127.0.0.1 /Admin/cate/ishot.html
INFO: [ app_begin ] --START--
INFO: Run Behavior\ReadHtmlCacheBehavior [ RunTime:0.002000s ]
INFO: [ app_begin ] --END-- [ RunTime:0.002000s ]
SQL: SHOW COLUMNS FROM `role` [ RunTime:0.0030s ]
SQL: SELECT `power` FROM `role` WHERE `id` = 1 LIMIT 1   [ RunTime:0.0010s ]
SQL: SHOW COLUMNS FROM `permission` [ RunTime:0.0030s ]
SQL: SELECT * FROM `permission`  [ RunTime:0.0010s ]
SQL: SHOW COLUMNS FROM `category` [ RunTime:0.0030s ]
SQL: SELECT `ishot` FROM `category` WHERE `id` = 20 LIMIT 1   [ RunTime:0.0000s ]
SQL: UPDATE `category` SET `ishot`='2' WHERE `id` = 20 [ RunTime:0.0000s ]

[ 2017-07-10T19:56:12+08:00 ] 127.0.0.1 /Admin/cate/ishot.html
INFO: [ app_begin ] --START--
INFO: Run Behavior\ReadHtmlCacheBehavior [ RunTime:0.000000s ]
INFO: [ app_begin ] --END-- [ RunTime:0.002000s ]
SQL: SHOW COLUMNS FROM `role` [ RunTime:0.0040s ]
SQL: SELECT `power` FROM `role` WHERE `id` = 1 LIMIT 1   [ RunTime:0.0000s ]
SQL: SHOW COLUMNS FROM `permission` [ RunTime:0.0040s ]
SQL: SELECT * FROM `permission`  [ RunTime:0.0000s ]
SQL: SHOW COLUMNS FROM `category` [ RunTime:0.0050s ]
SQL: SELECT `ishot` FROM `category` WHERE `id` = 22 LIMIT 1   [ RunTime:0.0000s ]
SQL: UPDATE `category` SET `ishot`='2' WHERE `id` = 22 [ RunTime:0.0000s ]

