[ 2017-06-30T08:49:56+08:00 ] 127.0.0.1 /index.php/Admin/cate/categoryadd.html
INFO: [ app_begin ] --START--
INFO: Run Behavior\ReadHtmlCacheBehavior [ RunTime:0.001000s ]
INFO: [ app_begin ] --END-- [ RunTime:0.001000s ]
SQL: SHOW COLUMNS FROM `role` [ RunTime:0.0050s ]
SQL: SELECT `power` FROM `role` WHERE `id` = 1 LIMIT 1   [ RunTime:0.0000s ]
SQL: SHOW COLUMNS FROM `permission` [ RunTime:0.0040s ]
NOTIC: [8] Undefined variable: where D:\phpStudy\WWW\tpshop\Application\Admin\Controller\BaseController.class.php 第 17 行.
SQL: SELECT * FROM `permission`  [ RunTime:0.0000s ]
SQL: SHOW COLUMNS FROM `category` [ RunTime:0.0050s ]
NOTIC: [8] Undefined index: validate D:\phpStudy\WWW\tpshop\ThinkPHP\Library\Think\Model.class.php 第 1185 行.
NOTIC: [8] Undefined index: auto D:\phpStudy\WWW\tpshop\ThinkPHP\Library\Think\Model.class.php 第 1128 行.
SQL: INSERT INTO `category` (`pid`,`catename`,`remark`,`status`) VALUES ('10','燃气灶','燃气灶','1') [ RunTime:0.0000s ]

[ 2017-06-30T08:50:39+08:00 ] 127.0.0.1 /index.php/Admin/cate/getchild.html?id=1
INFO: [ app_begin ] --START--
INFO: Run Behavior\ReadHtmlCacheBehavior [ RunTime:0.001000s ]
INFO: [ app_begin ] --END-- [ RunTime:0.001000s ]
SQL: SHOW COLUMNS FROM `role` [ RunTime:0.0050s ]
SQL: SELECT `power` FROM `role` WHERE `id` = 1 LIMIT 1   [ RunTime:0.0010s ]
SQL: SHOW COLUMNS FROM `permission` [ RunTime:0.0050s ]
NOTIC: [8] Undefined variable: where D:\phpStudy\WWW\tpshop\Application\Admin\Controller\BaseController.class.php 第 17 行.
SQL: SELECT * FROM `permission`  [ RunTime:0.0000s ]
SQL: SHOW COLUMNS FROM `category` [ RunTime:0.0040s ]
SQL: SELECT * FROM `category` WHERE `pid` = 1 AND `status` = 1  [ RunTime:0.0000s ]
SQL: SELECT * FROM `category` WHERE `pid` = 10 AND `status` = 1  [ RunTime:0.0000s ]
SQL: SELECT * FROM `category` WHERE `pid` = 11 AND `status` = 1  [ RunTime:0.0000s ]
SQL: SELECT * FROM `category` WHERE `pid` = 13 AND `status` = 1  [ RunTime:0.0010s ]
SQL: SELECT * FROM `category` WHERE `pid` = 14 AND `status` = 1  [ RunTime:0.0000s ]
SQL: SELECT * FROM `category` WHERE `pid` = 15 AND `status` = 1  [ RunTime:0.0010s ]
SQL: SELECT * FROM `category` WHERE `pid` = 16 AND `status` = 1  [ RunTime:0.0000s ]
SQL: SELECT * FROM `category` WHERE `pid` = 17 AND `status` = 1  [ RunTime:0.0010s ]
SQL: SELECT * FROM `category` WHERE `pid` = 18 AND `status` = 1  [ RunTime:0.0010s ]
SQL: SELECT * FROM `category` WHERE `pid` = 19 AND `status` = 1  [ RunTime:0.0000s ]

[ 2017-06-30T08:50:40+08:00 ] 127.0.0.1 /index.php/Admin/cate/getchild.html?id=10
INFO: [ app_begin ] --START--
INFO: Run Behavior\ReadHtmlCacheBehavior [ RunTime:0.001000s ]
INFO: [ app_begin ] --END-- [ RunTime:0.001000s ]
SQL: SHOW COLUMNS FROM `role` [ RunTime:0.0030s ]
SQL: SELECT `power` FROM `role` WHERE `id` = 1 LIMIT 1   [ RunTime:0.0000s ]
SQL: SHOW COLUMNS FROM `permission` [ RunTime:0.0030s ]
NOTIC: [8] Undefined variable: where D:\phpStudy\WWW\tpshop\Application\Admin\Controller\BaseController.class.php 第 17 行.
SQL: SELECT * FROM `permission`  [ RunTime:0.0000s ]
SQL: SHOW COLUMNS FROM `category` [ RunTime:0.0030s ]
SQL: SELECT * FROM `category` WHERE `pid` = 10 AND `status` = 1  [ RunTime:0.0000s ]
SQL: SELECT * FROM `category` WHERE `pid` = 20 AND `status` = 1  [ RunTime:0.0000s ]
SQL: SELECT * FROM `category` WHERE `pid` = 21 AND `status` = 1  [ RunTime:0.0000s ]
SQL: SELECT * FROM `category` WHERE `pid` = 22 AND `status` = 1  [ RunTime:0.0000s ]
SQL: SELECT * FROM `category` WHERE `pid` = 23 AND `status` = 1  [ RunTime:0.0010s ]
SQL: SELECT * FROM `category` WHERE `pid` = 87 AND `status` = 1  [ RunTime:0.0000s ]

[ 2017-06-30T08:51:41+08:00 ] 127.0.0.1 /index.php/Admin/cate/getchild.html?id=11
INFO: [ app_begin ] --START--
INFO: Run Behavior\ReadHtmlCacheBehavior [ RunTime:0.001000s ]
INFO: [ app_begin ] --END-- [ RunTime:0.001000s ]
SQL: SHOW COLUMNS FROM `role` [ RunTime:0.0040s ]
SQL: SELECT `power` FROM `role` WHERE `id` = 1 LIMIT 1   [ RunTime:0.0000s ]
SQL: SHOW COLUMNS FROM `permission` [ RunTime:0.0040s ]
NOTIC: [8] Undefined variable: where D:\phpStudy\WWW\tpshop\Application\Admin\Controller\BaseController.class.php 第 17 行.
SQL: SELECT * FROM `permission`  [ RunTime:0.0000s ]
SQL: SHOW COLUMNS FROM `category` [ RunTime:0.0040s ]
SQL: SELECT * FROM `category` WHERE `pid` = 11 AND `status` = 1  [ RunTime:0.0000s ]
SQL: SELECT * FROM `category` WHERE `pid` = 12 AND `status` = 1  [ RunTime:0.0000s ]
SQL: SELECT * FROM `category` WHERE `pid` = 24 AND `status` = 1  [ RunTime:0.0000s ]
SQL: SELECT * FROM `category` WHERE `pid` = 25 AND `status` = 1  [ RunTime:0.0010s ]
SQL: SELECT * FROM `category` WHERE `pid` = 26 AND `status` = 1  [ RunTime:0.0000s ]
SQL: SELECT * FROM `category` WHERE `pid` = 29 AND `status` = 1  [ RunTime:0.0000s ]

[ 2017-06-30T08:52:17+08:00 ] 127.0.0.1 /index.php/Admin/cate/categoryadd.html
INFO: [ app_begin ] --START--
INFO: Run Behavior\ReadHtmlCacheBehavior [ RunTime:0.000000s ]
INFO: [ app_begin ] --END-- [ RunTime:0.001000s ]
SQL: SHOW COLUMNS FROM `role` [ RunTime:0.0060s ]
SQL: SELECT `power` FROM `role` WHERE `id` = 1 LIMIT 1   [ RunTime:0.0000s ]
SQL: SHOW COLUMNS FROM `permission` [ RunTime:0.0050s ]
NOTIC: [8] Undefined variable: where D:\phpStudy\WWW\tpshop\Application\Admin\Controller\BaseController.class.php 第 17 行.
SQL: SELECT * FROM `permission`  [ RunTime:0.0010s ]
SQL: SHOW COLUMNS FROM `category` [ RunTime:0.0050s ]
NOTIC: [8] Undefined index: validate D:\phpStudy\WWW\tpshop\ThinkPHP\Library\Think\Model.class.php 第 1185 行.
NOTIC: [8] Undefined index: auto D:\phpStudy\WWW\tpshop\ThinkPHP\Library\Think\Model.class.php 第 1128 行.
SQL: INSERT INTO `category` (`pid`,`catename`,`remark`,`status`) VALUES ('11','电炖锅','电炖锅','1') [ RunTime:0.0020s ]

[ 2017-06-30T08:52:30+08:00 ] 127.0.0.1 /index.php/Admin/cate/categoryadd.html
INFO: [ app_begin ] --START--
INFO: Run Behavior\ReadHtmlCacheBehavior [ RunTime:0.000000s ]
INFO: [ app_begin ] --END-- [ RunTime:0.001000s ]
SQL: SHOW COLUMNS FROM `role` [ RunTime:0.0030s ]
SQL: SELECT `power` FROM `role` WHERE `id` = 1 LIMIT 1   [ RunTime:0.0010s ]
SQL: SHOW COLUMNS FROM `permission` [ RunTime:0.0050s ]
NOTIC: [8] Undefined variable: where D:\phpStudy\WWW\tpshop\Application\Admin\Controller\BaseController.class.php 第 17 行.
SQL: SELECT * FROM `permission`  [ RunTime:0.0010s ]
SQL: SHOW COLUMNS FROM `category` [ RunTime:0.0040s ]
NOTIC: [8] Undefined index: validate D:\phpStudy\WWW\tpshop\ThinkPHP\Library\Think\Model.class.php 第 1185 行.
NOTIC: [8] Undefined index: auto D:\phpStudy\WWW\tpshop\ThinkPHP\Library\Think\Model.class.php 第 1128 行.
SQL: INSERT INTO `category` (`pid`,`catename`,`remark`,`status`) VALUES ('11','电水壶','电水壶','1') [ RunTime:0.0010s ]

[ 2017-06-30T08:53:03+08:00 ] 127.0.0.1 /index.php/Admin/cate/categoryadd.html
INFO: [ app_begin ] --START--
INFO: Run Behavior\ReadHtmlCacheBehavior [ RunTime:0.001000s ]
INFO: [ app_begin ] --END-- [ RunTime:0.001000s ]
SQL: SHOW COLUMNS FROM `role` [ RunTime:0.0030s ]
SQL: SELECT `power` FROM `role` WHERE `id` = 1 LIMIT 1   [ RunTime:0.0000s ]
SQL: SHOW COLUMNS FROM `permission` [ RunTime:0.0040s ]
NOTIC: [8] Undefined variable: where D:\phpStudy\WWW\tpshop\Application\Admin\Controller\BaseController.class.php 第 17 行.
SQL: SELECT * FROM `permission`  [ RunTime:0.0000s ]
SQL: SHOW COLUMNS FROM `category` [ RunTime:0.0040s ]
NOTIC: [8] Undefined index: validate D:\phpStudy\WWW\tpshop\ThinkPHP\Library\Think\Model.class.php 第 1185 行.
NOTIC: [8] Undefined index: auto D:\phpStudy\WWW\tpshop\ThinkPHP\Library\Think\Model.class.php 第 1128 行.
SQL: INSERT INTO `category` (`pid`,`catename`,`remark`,`status`) VALUES ('11','电烧烤炉','电烧烤炉','1') [ RunTime:0.0000s ]

[ 2017-06-30T08:53:15+08:00 ] 127.0.0.1 /index.php/Admin/cate/categoryadd.html
INFO: [ app_begin ] --START--
INFO: Run Behavior\ReadHtmlCacheBehavior [ RunTime:0.001000s ]
INFO: [ app_begin ] --END-- [ RunTime:0.001000s ]
SQL: SHOW COLUMNS FROM `role` [ RunTime:0.0040s ]
SQL: SELECT `power` FROM `role` WHERE `id` = 1 LIMIT 1   [ RunTime:0.0010s ]
SQL: SHOW COLUMNS FROM `permission` [ RunTime:0.0050s ]
NOTIC: [8] Undefined variable: where D:\phpStudy\WWW\tpshop\Application\Admin\Controller\BaseController.class.php 第 17 行.
SQL: SELECT * FROM `permission`  [ RunTime:0.0010s ]
SQL: SHOW COLUMNS FROM `category` [ RunTime:0.0040s ]
NOTIC: [8] Undefined index: validate D:\phpStudy\WWW\tpshop\ThinkPHP\Library\Think\Model.class.php 第 1185 行.
NOTIC: [8] Undefined index: auto D:\phpStudy\WWW\tpshop\ThinkPHP\Library\Think\Model.class.php 第 1128 行.
SQL: INSERT INTO `category` (`pid`,`catename`,`remark`,`status`) VALUES ('11','酸奶机','酸奶机','1') [ RunTime:0.0000s ]

[ 2017-06-30T08:54:16+08:00 ] 127.0.0.1 /index.php/Admin/cate/categoryadd.html
INFO: [ app_begin ] --START--
INFO: Run Behavior\ReadHtmlCacheBehavior [ RunTime:0.001000s ]
INFO: [ app_begin ] --END-- [ RunTime:0.002000s ]
SQL: SHOW COLUMNS FROM `role` [ RunTime:0.0050s ]
SQL: SELECT `power` FROM `role` WHERE `id` = 1 LIMIT 1   [ RunTime:0.0010s ]
SQL: SHOW COLUMNS FROM `permission` [ RunTime:0.0070s ]
NOTIC: [8] Undefined variable: where D:\phpStudy\WWW\tpshop\Application\Admin\Controller\BaseController.class.php 第 17 行.
SQL: SELECT * FROM `permission`  [ RunTime:0.0000s ]
SQL: SHOW COLUMNS FROM `category` [ RunTime:0.0060s ]
NOTIC: [8] Undefined index: validate D:\phpStudy\WWW\tpshop\ThinkPHP\Library\Think\Model.class.php 第 1185 行.
NOTIC: [8] Undefined index: auto D:\phpStudy\WWW\tpshop\ThinkPHP\Library\Think\Model.class.php 第 1128 行.
SQL: INSERT INTO `category` (`pid`,`catename`,`remark`,`status`) VALUES ('51','中国移动','中国移动','1') [ RunTime:0.0000s ]

[ 2017-06-30T08:54:30+08:00 ] 127.0.0.1 /index.php/Admin/cate/categoryadd.html
INFO: [ app_begin ] --START--
INFO: Run Behavior\ReadHtmlCacheBehavior [ RunTime:0.000000s ]
INFO: [ app_begin ] --END-- [ RunTime:0.001000s ]
SQL: SHOW COLUMNS FROM `role` [ RunTime:0.0040s ]
SQL: SELECT `power` FROM `role` WHERE `id` = 1 LIMIT 1   [ RunTime:0.0000s ]
SQL: SHOW COLUMNS FROM `permission` [ RunTime:0.0030s ]
NOTIC: [8] Undefined variable: where D:\phpStudy\WWW\tpshop\Application\Admin\Controller\BaseController.class.php 第 17 行.
SQL: SELECT * FROM `permission`  [ RunTime:0.0000s ]
SQL: SHOW COLUMNS FROM `category` [ RunTime:0.0030s ]
NOTIC: [8] Undefined index: validate D:\phpStudy\WWW\tpshop\ThinkPHP\Library\Think\Model.class.php 第 1185 行.
NOTIC: [8] Undefined index: auto D:\phpStudy\WWW\tpshop\ThinkPHP\Library\Think\Model.class.php 第 1128 行.
SQL: INSERT INTO `category` (`pid`,`catename`,`remark`,`status`) VALUES ('51','中国联通','中国联通','1') [ RunTime:0.0000s ]

[ 2017-06-30T08:54:46+08:00 ] 127.0.0.1 /index.php/Admin/cate/categoryadd.html
INFO: [ app_begin ] --START--
INFO: Run Behavior\ReadHtmlCacheBehavior [ RunTime:0.001000s ]
INFO: [ app_begin ] --END-- [ RunTime:0.001000s ]
SQL: SHOW COLUMNS FROM `role` [ RunTime:0.0050s ]
SQL: SELECT `power` FROM `role` WHERE `id` = 1 LIMIT 1   [ RunTime:0.0000s ]
SQL: SHOW COLUMNS FROM `permission` [ RunTime:0.0040s ]
NOTIC: [8] Undefined variable: where D:\phpStudy\WWW\tpshop\Application\Admin\Controller\BaseController.class.php 第 17 行.
SQL: SELECT * FROM `permission`  [ RunTime:0.0000s ]
SQL: SHOW COLUMNS FROM `category` [ RunTime:0.0040s ]
NOTIC: [8] Undefined index: validate D:\phpStudy\WWW\tpshop\ThinkPHP\Library\Think\Model.class.php 第 1185 行.
NOTIC: [8] Undefined index: auto D:\phpStudy\WWW\tpshop\ThinkPHP\Library\Think\Model.class.php 第 1128 行.
SQL: INSERT INTO `category` (`pid`,`catename`,`remark`,`status`) VALUES ('51','中国电信','中国电信','1') [ RunTime:0.0000s ]

[ 2017-06-30T08:55:32+08:00 ] 127.0.0.1 /index.php/Admin/cate/categoryadd.html
INFO: [ app_begin ] --START--
INFO: Run Behavior\ReadHtmlCacheBehavior [ RunTime:0.001000s ]
INFO: [ app_begin ] --END-- [ RunTime:0.001000s ]
SQL: SHOW COLUMNS FROM `role` [ RunTime:0.0040s ]
SQL: SELECT `power` FROM `role` WHERE `id` = 1 LIMIT 1   [ RunTime:0.0000s ]
SQL: SHOW COLUMNS FROM `permission` [ RunTime:0.0050s ]
NOTIC: [8] Undefined variable: where D:\phpStudy\WWW\tpshop\Application\Admin\Controller\BaseController.class.php 第 17 行.
SQL: SELECT * FROM `permission`  [ RunTime:0.0010s ]
SQL: SHOW COLUMNS FROM `category` [ RunTime:0.0040s ]
NOTIC: [8] Undefined index: validate D:\phpStudy\WWW\tpshop\ThinkPHP\Library\Think\Model.class.php 第 1185 行.
NOTIC: [8] Undefined index: auto D:\phpStudy\WWW\tpshop\ThinkPHP\Library\Think\Model.class.php 第 1128 行.
SQL: INSERT INTO `category` (`pid`,`catename`,`remark`,`status`) VALUES ('55','收音机','收音机','1') [ RunTime:0.0010s ]

[ 2017-06-30T08:55:51+08:00 ] 127.0.0.1 /index.php/Admin/cate/categoryadd.html
INFO: [ app_begin ] --START--
INFO: Run Behavior\ReadHtmlCacheBehavior [ RunTime:0.001000s ]
INFO: [ app_begin ] --END-- [ RunTime:0.002000s ]
SQL: SHOW COLUMNS FROM `role` [ RunTime:0.0040s ]
SQL: SELECT `power` FROM `role` WHERE `id` = 1 LIMIT 1   [ RunTime:0.0000s ]
SQL: SHOW COLUMNS FROM `permission` [ RunTime:0.0050s ]
NOTIC: [8] Undefined variable: where D:\phpStudy\WWW\tpshop\Application\Admin\Controller\BaseController.class.php 第 17 行.
SQL: SELECT * FROM `permission`  [ RunTime:0.0000s ]
SQL: SHOW COLUMNS FROM `category` [ RunTime:0.0040s ]
NOTIC: [8] Undefined index: validate D:\phpStudy\WWW\tpshop\ThinkPHP\Library\Think\Model.class.php 第 1185 行.
NOTIC: [8] Undefined index: auto D:\phpStudy\WWW\tpshop\ThinkPHP\Library\Think\Model.class.php 第 1128 行.
SQL: INSERT INTO `category` (`pid`,`catename`,`remark`,`status`) VALUES ('55','音响/音箱','音响/音箱','1') [ RunTime:0.0000s ]

[ 2017-06-30T08:56:05+08:00 ] 127.0.0.1 /index.php/Admin/cate/categoryadd.html
INFO: [ app_begin ] --START--
INFO: Run Behavior\ReadHtmlCacheBehavior [ RunTime:0.001000s ]
INFO: [ app_begin ] --END-- [ RunTime:0.001000s ]
SQL: SHOW COLUMNS FROM `role` [ RunTime:0.0040s ]
SQL: SELECT `power` FROM `role` WHERE `id` = 1 LIMIT 1   [ RunTime:0.0000s ]
SQL: SHOW COLUMNS FROM `permission` [ RunTime:0.0050s ]
NOTIC: [8] Undefined variable: where D:\phpStudy\WWW\tpshop\Application\Admin\Controller\BaseController.class.php 第 17 行.
SQL: SELECT * FROM `permission`  [ RunTime:0.0000s ]
SQL: SHOW COLUMNS FROM `category` [ RunTime:0.0050s ]
NOTIC: [8] Undefined index: validate D:\phpStudy\WWW\tpshop\ThinkPHP\Library\Think\Model.class.php 第 1185 行.
NOTIC: [8] Undefined index: auto D:\phpStudy\WWW\tpshop\ThinkPHP\Library\Think\Model.class.php 第 1128 行.
SQL: INSERT INTO `category` (`pid`,`catename`,`remark`,`status`) VALUES ('55','耳机/耳麦','耳机/耳麦','1') [ RunTime:0.0010s ]

[ 2017-06-30T08:57:02+08:00 ] 127.0.0.1 /index.php/Admin/cate/categoryadd.html
INFO: [ app_begin ] --START--
INFO: Run Behavior\ReadHtmlCacheBehavior [ RunTime:0.000000s ]
INFO: [ app_begin ] --END-- [ RunTime:0.002000s ]
SQL: SHOW COLUMNS FROM `role` [ RunTime:0.0050s ]
SQL: SELECT `power` FROM `role` WHERE `id` = 1 LIMIT 1   [ RunTime:0.0000s ]
SQL: SHOW COLUMNS FROM `permission` [ RunTime:0.0050s ]
NOTIC: [8] Undefined variable: where D:\phpStudy\WWW\tpshop\Application\Admin\Controller\BaseController.class.php 第 17 行.
SQL: SELECT * FROM `permission`  [ RunTime:0.0010s ]
SQL: SHOW COLUMNS FROM `category` [ RunTime:0.0040s ]
NOTIC: [8] Undefined index: validate D:\phpStudy\WWW\tpshop\ThinkPHP\Library\Think\Model.class.php 第 1185 行.
NOTIC: [8] Undefined index: auto D:\phpStudy\WWW\tpshop\ThinkPHP\Library\Think\Model.class.php 第 1128 行.
SQL: INSERT INTO `category` (`pid`,`catename`,`remark`,`status`) VALUES ('4','生活日用','生活日用','1') [ RunTime:0.0010s ]

[ 2017-06-30T08:57:30+08:00 ] 127.0.0.1 /index.php/Admin/cate/categoryadd.html
INFO: [ app_begin ] --START--
INFO: Run Behavior\ReadHtmlCacheBehavior [ RunTime:0.001000s ]
INFO: [ app_begin ] --END-- [ RunTime:0.001000s ]
SQL: SHOW COLUMNS FROM `role` [ RunTime:0.0050s ]
SQL: SELECT `power` FROM `role` WHERE `id` = 1 LIMIT 1   [ RunTime:0.0000s ]
SQL: SHOW COLUMNS FROM `permission` [ RunTime:0.0030s ]
NOTIC: [8] Undefined variable: where D:\phpStudy\WWW\tpshop\Application\Admin\Controller\BaseController.class.php 第 17 行.
SQL: SELECT * FROM `permission`  [ RunTime:0.0010s ]
SQL: SHOW COLUMNS FROM `category` [ RunTime:0.0040s ]
NOTIC: [8] Undefined index: validate D:\phpStudy\WWW\tpshop\ThinkPHP\Library\Think\Model.class.php 第 1185 行.
NOTIC: [8] Undefined index: auto D:\phpStudy\WWW\tpshop\ThinkPHP\Library\Think\Model.class.php 第 1128 行.
SQL: INSERT INTO `category` (`pid`,`catename`,`remark`,`status`) VALUES ('4','厨房卫浴','厨房卫浴','1') [ RunTime:0.0000s ]

[ 2017-06-30T08:57:45+08:00 ] 127.0.0.1 /index.php/Admin/cate/categoryadd.html
INFO: [ app_begin ] --START--
INFO: Run Behavior\ReadHtmlCacheBehavior [ RunTime:0.001000s ]
INFO: [ app_begin ] --END-- [ RunTime:0.001000s ]
SQL: SHOW COLUMNS FROM `role` [ RunTime:0.0040s ]
SQL: SELECT `power` FROM `role` WHERE `id` = 1 LIMIT 1   [ RunTime:0.0000s ]
SQL: SHOW COLUMNS FROM `permission` [ RunTime:0.0050s ]
NOTIC: [8] Undefined variable: where D:\phpStudy\WWW\tpshop\Application\Admin\Controller\BaseController.class.php 第 17 行.
SQL: SELECT * FROM `permission`  [ RunTime:0.0010s ]
SQL: SHOW COLUMNS FROM `category` [ RunTime:0.0030s ]
NOTIC: [8] Undefined index: validate D:\phpStudy\WWW\tpshop\ThinkPHP\Library\Think\Model.class.php 第 1185 行.
NOTIC: [8] Undefined index: auto D:\phpStudy\WWW\tpshop\ThinkPHP\Library\Think\Model.class.php 第 1128 行.
SQL: INSERT INTO `category` (`pid`,`catename`,`remark`,`status`) VALUES ('4','五金电工','五金电工','1') [ RunTime:0.0000s ]

[ 2017-06-30T08:58:15+08:00 ] 127.0.0.1 /index.php/Admin/cate/categoryadd.html
INFO: [ app_begin ] --START--
INFO: Run Behavior\ReadHtmlCacheBehavior [ RunTime:0.001000s ]
INFO: [ app_begin ] --END-- [ RunTime:0.001000s ]
SQL: SHOW COLUMNS FROM `role` [ RunTime:0.0060s ]
SQL: SELECT `power` FROM `role` WHERE `id` = 1 LIMIT 1   [ RunTime:0.0000s ]
SQL: SHOW COLUMNS FROM `permission` [ RunTime:0.0040s ]
NOTIC: [8] Undefined variable: where D:\phpStudy\WWW\tpshop\Application\Admin\Controller\BaseController.class.php 第 17 行.
SQL: SELECT * FROM `permission`  [ RunTime:0.0000s ]
SQL: SHOW COLUMNS FROM `category` [ RunTime:0.0050s ]
NOTIC: [8] Undefined index: validate D:\phpStudy\WWW\tpshop\ThinkPHP\Library\Think\Model.class.php 第 1185 行.
NOTIC: [8] Undefined index: auto D:\phpStudy\WWW\tpshop\ThinkPHP\Library\Think\Model.class.php 第 1128 行.
SQL: INSERT INTO `category` (`pid`,`catename`,`remark`,`status`) VALUES ('5','童装/童鞋','童装/童鞋','1') [ RunTime:0.0010s ]

[ 2017-06-30T14:26:26+08:00 ] 127.0.0.1 /index.php/Admin/goods/goods/goodslist
ERR: 非法操作:goods

[ 2017-06-30T14:27:47+08:00 ] 127.0.0.1 /index.php/Admin/goods/goods/goodslist
ERR: 非法操作:goods

[ 2017-06-30T14:27:49+08:00 ] 127.0.0.1 /index.php/Admin/goods/goods/goodslist
ERR: 非法操作:goods

[ 2017-06-30T20:18:59+08:00 ] 127.0.0.1 /index.php/Admin/goods/goodsedit.html
INFO: [ app_begin ] --START--
INFO: Run Behavior\ReadHtmlCacheBehavior [ RunTime:0.001001s ]
INFO: [ app_begin ] --END-- [ RunTime:0.002001s ]
SQL: SHOW COLUMNS FROM `role` [ RunTime:0.0050s ]
SQL: SELECT `power` FROM `role` WHERE `id` = 1 LIMIT 1   [ RunTime:0.0000s ]
SQL: SHOW COLUMNS FROM `permission` [ RunTime:0.0050s ]
NOTIC: [8] Undefined variable: where D:\phpStudy\WWW\tpshop\Application\Admin\Controller\BaseController.class.php 第 17 行.
SQL: SELECT * FROM `permission`  [ RunTime:0.0010s ]
SQL: SHOW COLUMNS FROM `goods` [ RunTime:0.0040s ]
SQL: SHOW COLUMNS FROM `goodsinfo` [ RunTime:0.0040s ]
SQL: SHOW COLUMNS FROM `category` [ RunTime:0.0040s ]
SQL: SELECT `id`,`pid` FROM `category` WHERE `id` = 85 LIMIT 1   [ RunTime:0.0010s ]
SQL: SELECT `id`,`pid` FROM `category` WHERE `id` = 50 LIMIT 1   [ RunTime:0.0000s ]
NOTIC: [8] Undefined index: validate D:\phpStudy\WWW\tpshop\ThinkPHP\Library\Think\Model.class.php 第 1185 行.
NOTIC: [8] Undefined index: auto D:\phpStudy\WWW\tpshop\ThinkPHP\Library\Think\Model.class.php 第 1128 行.
SQL: UPDATE `goods` SET `goodsname`='荣耀8 青春版 手机 魅海蓝 全网通4G(4G RAM+32G ROM)标配',`category`='85',`brand`='2',`commend`='1',`cate`='50',`cate1`='2' WHERE `id` = 5 [ RunTime:0.0000s ]
NOTIC: [8] Undefined index: validate D:\phpStudy\WWW\tpshop\ThinkPHP\Library\Think\Model.class.php 第 1185 行.
NOTIC: [8] Undefined index: auto D:\phpStudy\WWW\tpshop\ThinkPHP\Library\Think\Model.class.php 第 1128 行.
SQL: UPDATE `goodsinfo` SET `shopprice`='1399.00',`marketprice`='1499.00',`vipprice`='0.00',`count`='199',`ondate`='1486543455',`pdate`='1490085861',`isfree`='1',`carriage`='0.00',`status`='1',`service`='&lt;h3 style=&quot;margin: 0px; padding: 0px; font-stretch: normal; font-size: 14px; line-height: normal; font-family: &amp;quot;microsoft yahei&amp;quot;;&quot;&gt;售后保障&lt;/h3&gt;&lt;ul style=&quot;margin: 0px; padding: 0px;&quot; class=&quot; list-paddingleft-2&quot;&gt;&lt;li&gt;&lt;p&gt;&lt;span class=&quot;goods&quot; style=&quot;margin: 0px; padding: 0px 10px 0px 0px; display: inline-block; width: 32px; height: 32px; line-height: 32px; vertical-align: bottom; background: url(&amp;quot;//static.360buyimg.com/item/default/1.0.32/components/detail/i/iconZP.png&amp;quot;) no-repeat;&quot;&gt;&lt;/span&gt;&amp;nbsp;&lt;strong style=&quot;margin: 0px; padding: 8px 0px 3px; display: inline-block;&quot;&gt;卖家服务&lt;/strong&gt;&lt;/p&gt;&lt;/li&gt;&lt;li&gt;&lt;p&gt;&lt;br/&gt;&lt;/p&gt;&lt;/li&gt;&lt;li&gt;&lt;p&gt;&lt;span class=&quot;goods&quot; style=&quot;margin: 0px; padding: 0px 10px 0px 0px; display: inline-block; width: 32px; height: 32px; line-height: 32px; vertical-align: bottom; background: url(&amp;quot;//static.360buyimg.com/item/default/1.0.32/components/detail/i/iconZP.png&amp;quot;) no-repeat;&quot;&gt;&lt;/span&gt;&amp;nbsp;&lt;strong style=&quot;margin: 0px; padding: 8px 0px 3px; display: inline-block;&quot;&gt;京东承诺&lt;/strong&gt;&lt;/p&gt;&lt;/li&gt;&lt;li&gt;&lt;p&gt;京东平台卖家销售并发货的商品，由平台卖家提供发票和相应的售后服务。请您放心购买！&lt;br/&gt;注：因厂家会在没有任何提前通知的情况下更改产品包装、产地或者一些附件，本司不能确保客户收到的货物与商城图片、产地、附件说明完全一致。只能确保为原厂正货！并且保证与当时市场上同样主流新品一致。若本商城没有及时更新，请大家谅解！&lt;/p&gt;&lt;/li&gt;&lt;li&gt;&lt;p&gt;&lt;span class=&quot;goods&quot; style=&quot;margin: 0px; padding: 0px 10px 0px 0px; display: inline-block; width: 32px; height: 32px; line-height: 32px; vertical-align: bottom; background: url(&amp;quot;//static.360buyimg.com/item/default/1.0.32/components/detail/i/iconZP.png&amp;quot;) no-repeat;&quot;&gt;&lt;/span&gt;&lt;strong style=&quot;margin: 0px; padding: 8px 0px 3px; display: inline-block;&quot;&gt;正品行货&lt;/strong&gt;&lt;/p&gt;&lt;/li&gt;&lt;li&gt;&lt;p&gt;京东商城向您保证所售商品均为正品行货，京东自营商品开具机打发票或电子发票。&lt;/p&gt;&lt;/li&gt;&lt;li&gt;&lt;p&gt;&lt;span class=&quot;unprofor&quot; style=&quot;margin: 0px; padding: 0px 10px 0px 0px; display: inline-block; width: 32px; height: 32px; line-height: 32px; vertical-align: bottom; background: url(&amp;quot;//static.360buyimg.com/item/default/1.0.32/components/detail/i/iconLB.png&amp;quot;) no-repeat;&quot;&gt;&lt;/span&gt;&lt;strong style=&quot;margin: 0px; padding: 8px 0px 3px; display: inline-block;&quot;&gt;全国联保&lt;/strong&gt;&lt;/p&gt;&lt;/li&gt;&lt;li&gt;&lt;p&gt;凭质保证书及京东商城发票，可享受全国联保服务（奢侈品、钟表除外；奢侈品、钟表由京东联系保修，享受法定三包售后服务），与您亲临商场选购的商品享受相同的质量保证。京东商城还为您提供具有竞争力的商品价格和&lt;a href=&quot;https://help.jd.com/help/question-892.html&quot; target=&quot;_blank&quot; style=&quot;margin: 0px; padding: 0px; color: rgb(0, 90, 160); text-decoration-line: none;&quot;&gt;运费政策&lt;/a&gt;，请您放心购买！&amp;nbsp;&lt;br/&gt;&lt;br/&gt;注：因厂家会在没有任何提前通知的情况下更改产品包装、产地或者一些附件，本司不能确保客户收到的货物与商城图片、产地、附件说明完全一致。只能确保为原厂正货！并且保证与当时市场上同样主流新品一致。若本商城没有及时更新，请大家谅解！&lt;/p&gt;&lt;/li&gt;&lt;li&gt;&lt;p&gt;&lt;span class=&quot;no-worries&quot; style=&quot;margin: 0px; padding: 0px 10px 0px 0px; display: inline-block; width: 32px; height: 32px; line-height: 32px; vertical-align: bottom; background: url(&amp;quot;//static.360buyimg.com/item/default/1.0.32/components/detail/i/iconWY.png&amp;quot;) no-repeat;&quot;&gt;&lt;/span&gt;&lt;strong style=&quot;margin: 0px; padding: 8px 0px 3px; display: inline-block;&quot;&gt;无忧退换货&lt;/strong&gt;&lt;/p&gt;&lt;/li&gt;&lt;li&gt;&lt;p&gt;客户购买京东自营商品7日内（含7日，自客户收到商品之日起计算），在保证商品完好的前提下，可无理由退货。（部分商品除外，详情请见各商品细则）&lt;/p&gt;&lt;/li&gt;&lt;/ul&gt;&lt;p&gt;&lt;strong style=&quot;margin: 0px; padding: 8px 0px 3px; display: inline-block; color: rgb(228, 57, 60);&quot;&gt;权利声明：&lt;/strong&gt;&lt;br/&gt;京东上的所有商品信息、客户评价、商品咨询、网友讨论等内容，是京东重要的经营资源，未经许可，禁止非法转载使用。&lt;/p&gt;&lt;p style=&quot;margin-top: 0px; margin-bottom: 0px; padding: 0px;&quot;&gt;&lt;strong style=&quot;margin: 0px; padding: 0px;&quot;&gt;注：&lt;/strong&gt;本站商品信息均来自于合作方，其真实性、准确性和合法性由信息拥有者（合作方）负责。本站不提供任何保证，并不承担任何法律责任。&lt;/p&gt;&lt;p&gt;&lt;br/&gt;&lt;strong style=&quot;margin: 0px; padding: 8px 0px 3px; display: inline-block; color: rgb(228, 57, 60);&quot;&gt;价格说明：&lt;/strong&gt;&lt;br/&gt;&lt;/p&gt;&lt;p style=&quot;margin-top: 0px; margin-bottom: 0px; padding: 0px;&quot;&gt;&lt;strong style=&quot;margin: 0px; padding: 0px;&quot;&gt;京东价：&lt;/strong&gt;京东价为商品的销售价，是您最终决定是否购买商品的依据。&lt;/p&gt;&lt;p style=&quot;margin-top: 0px; margin-bottom: 0px; padding: 0px;&quot;&gt;&lt;strong style=&quot;margin: 0px; padding: 0px;&quot;&gt;划线价：&lt;/strong&gt;商品展示的划横线价格为参考价，该价格可能是品牌专柜标价、商品吊牌价或由品牌供应商提供的正品零售价（如厂商指导价、建议零售价等）或该商品在京东平台上曾经展示过的销售价；由于地区、时间的差异性和市场行情波动，品牌专柜标价、商品吊牌价等可能会与您购物时展示的不一致，该价格仅供您参考。&lt;/p&gt;&lt;p style=&quot;margin-top: 0px; margin-bottom: 0px; padding: 0px;&quot;&gt;&lt;strong style=&quot;margin: 0px; padding: 0px;&quot;&gt;折扣：&lt;/strong&gt;如无特殊说明，折扣指销售商在原价、或划线价（如品牌专柜标价、商品吊牌价、厂商指导价、厂商建议零售价）等某一价格基础上计算出的优惠比例或优惠金额；如有疑问，您可在购买前联系销售商进行咨询。&lt;/p&gt;&lt;p style=&quot;margin-top: 0px; margin-bottom: 0px; padding: 0px;&quot;&gt;&lt;strong style=&quot;margin: 0px; padding: 0px;&quot;&gt;异常问题：&lt;/strong&gt;商品促销信息以商品详情页“促销”栏中的信息为准；商品的具体售价以订单结算页价格为准；如您发现活动商品售价或促销信息有异常，建议购买前先联系销售商咨询。&lt;/p&gt;&lt;p&gt;&lt;br/&gt;&lt;/p&gt;',`info`='&lt;p style=&quot;text-align: center;&quot;&gt;&lt;img src=&quot;/ueditor/php/upload/image/20170630/1498812418886583.jpg&quot; title=&quot;1498812418886583.jpg&quot; alt=&quot;5954d44eNe300baa0.jpg&quot;/&gt;&lt;/p&gt;&lt;p&gt;&lt;strong style=&quot;font-size: 12px; text-align: right;&quot;&gt;&lt;span style=&quot;font-size: 18px;&quot;&gt;&amp;nbsp;&amp;nbsp;&amp;nbsp;&amp;nbsp;&amp;nbsp;&amp;nbsp;&amp;nbsp;&amp;nbsp;主体&lt;/span&gt;&lt;/strong&gt;&lt;/p&gt;&lt;p&gt;&amp;nbsp;&amp;nbsp;&amp;nbsp;&amp;nbsp;&amp;nbsp;&amp;nbsp;&amp;nbsp;&amp;nbsp;&amp;nbsp;&amp;nbsp;&amp;nbsp;&amp;nbsp;型号：8&amp;nbsp;&amp;nbsp;&amp;nbsp;&amp;nbsp;&amp;nbsp;&amp;nbsp;&amp;nbsp;&amp;nbsp;入网型号：其他&amp;nbsp;&amp;nbsp;&amp;nbsp;&amp;nbsp;&amp;nbsp;&amp;nbsp;&amp;nbsp;&amp;nbsp;上市年份：2017年&amp;nbsp;&amp;nbsp;&amp;nbsp;&amp;nbsp;&amp;nbsp;&amp;nbsp;&amp;nbsp;&amp;nbsp;上市月份：2月&lt;/p&gt;&lt;p&gt;&lt;strong style=&quot;font-size: 18px; text-align: right;&quot;&gt;&amp;nbsp;&amp;nbsp;&amp;nbsp;&amp;nbsp;&amp;nbsp;&amp;nbsp;&amp;nbsp;&amp;nbsp;基本信息&lt;/strong&gt;&lt;/p&gt;&lt;p&gt;&amp;nbsp;&amp;nbsp;&amp;nbsp;&amp;nbsp;&amp;nbsp;&amp;nbsp;&amp;nbsp;&amp;nbsp;&amp;nbsp;&amp;nbsp;&amp;nbsp;&amp;nbsp;机身颜色：其他&amp;nbsp;&amp;nbsp;&amp;nbsp;&amp;nbsp;&amp;nbsp;&amp;nbsp;&amp;nbsp;&amp;nbsp;&amp;nbsp;&amp;nbsp;&amp;nbsp;&amp;nbsp;&amp;nbsp;&amp;nbsp;&amp;nbsp;&amp;nbsp;&amp;nbsp;&amp;nbsp;&amp;nbsp;机身长度（mm）：147.2&amp;nbsp;&amp;nbsp;&amp;nbsp;&amp;nbsp;&amp;nbsp;&amp;nbsp;&amp;nbsp;&amp;nbsp;&amp;nbsp;&amp;nbsp;&amp;nbsp;&amp;nbsp;机身宽度（mm）：72,94&lt;/p&gt;&lt;p&gt;&amp;nbsp;&amp;nbsp;&amp;nbsp;&amp;nbsp;&amp;nbsp;&amp;nbsp;&amp;nbsp;&amp;nbsp;&amp;nbsp;&amp;nbsp;&amp;nbsp;&amp;nbsp;机身厚度（mm）：7.6&amp;nbsp;&amp;nbsp;&amp;nbsp;&amp;nbsp;&amp;nbsp;&amp;nbsp;&amp;nbsp;&amp;nbsp;机身重量（g）：约147&amp;nbsp;&amp;nbsp;&amp;nbsp;&amp;nbsp;&amp;nbsp;&amp;nbsp;&amp;nbsp;&amp;nbsp;&amp;nbsp;&amp;nbsp;&amp;nbsp;&amp;nbsp;&amp;nbsp;&amp;nbsp;&amp;nbsp;&amp;nbsp;运营商标志或内容：其他&lt;/p&gt;&lt;p&gt;&amp;nbsp;&amp;nbsp;&amp;nbsp;&amp;nbsp;&amp;nbsp;&amp;nbsp;&amp;nbsp;&amp;nbsp;&amp;nbsp;&amp;nbsp;&amp;nbsp;&amp;nbsp;机身材质分类：其他&lt;/p&gt;&lt;h3 style=&quot;margin: 0px; padding: 0px; font-weight: 400; text-align: right; float: left; width: 110px; font-size: 12px;&quot;&gt;&lt;span style=&quot;font-size: 18px;&quot;&gt;&lt;strong&gt;操作系统&lt;/strong&gt;&lt;/span&gt;&lt;/h3&gt;&lt;p&gt;&lt;span style=&quot;font-size: 18px;&quot;&gt;&lt;strong&gt;&lt;br/&gt;&lt;/strong&gt;&lt;/span&gt;&lt;/p&gt;&lt;p&gt;&amp;nbsp;&amp;nbsp;&amp;nbsp;&amp;nbsp;&amp;nbsp;&amp;nbsp;&amp;nbsp;&amp;nbsp;&amp;nbsp;&amp;nbsp;&amp;nbsp;&amp;nbsp;操作系统：Android&lt;/p&gt;&lt;h3 style=&quot;margin: 0px; padding: 0px; font-weight: 400; text-align: right; float: left; width: 110px; font-size: 12px;&quot;&gt;&lt;strong&gt;&lt;span style=&quot;font-size: 18px;&quot;&gt;主芯片&lt;/span&gt;&lt;/strong&gt;&lt;/h3&gt;&lt;p&gt;&lt;br/&gt;&lt;/p&gt;&lt;p&gt;&amp;nbsp;&amp;nbsp;&amp;nbsp;&amp;nbsp;&amp;nbsp;&amp;nbsp;&amp;nbsp;&amp;nbsp;&amp;nbsp;&amp;nbsp;&amp;nbsp;&amp;nbsp;CPU品牌：海思（Hisilicon）&amp;nbsp;&amp;nbsp;&amp;nbsp;&amp;nbsp;&amp;nbsp;&amp;nbsp;&amp;nbsp;&amp;nbsp;CPU频率：其他&amp;nbsp;&amp;nbsp;&amp;nbsp;&amp;nbsp;&amp;nbsp;&amp;nbsp;&amp;nbsp;&amp;nbsp;CPU核数：八核&amp;nbsp;&amp;nbsp;&amp;nbsp;&amp;nbsp;&amp;nbsp;&amp;nbsp;&amp;nbsp;&amp;nbsp;CPU型号：其他&lt;/p&gt;&lt;h3 style=&quot;margin: 0px; padding: 0px; font-weight: 400; text-align: right; float: left; width: 110px; font-size: 12px;&quot;&gt;&lt;span style=&quot;font-size: 18px;&quot;&gt;&lt;strong&gt;网络支持&lt;/strong&gt;&lt;/span&gt;&lt;/h3&gt;&lt;p&gt;&lt;br/&gt;&lt;/p&gt;&lt;p&gt;&amp;nbsp;&amp;nbsp;&amp;nbsp;&amp;nbsp;&amp;nbsp;&amp;nbsp;&amp;nbsp;&amp;nbsp;&amp;nbsp;&amp;nbsp;&amp;nbsp;&amp;nbsp;双卡机类型：以官网信息为准&amp;nbsp;&amp;nbsp;&amp;nbsp;&amp;nbsp;&amp;nbsp;&amp;nbsp;&amp;nbsp;&amp;nbsp;&amp;nbsp;&amp;nbsp;&amp;nbsp;&amp;nbsp;最大支持SIM卡数量：2个&amp;nbsp;&amp;nbsp;&amp;nbsp;&amp;nbsp;&amp;nbsp;&amp;nbsp;&amp;nbsp;&amp;nbsp;&amp;nbsp;&amp;nbsp;&amp;nbsp;&amp;nbsp;SIM卡类型：Nano SIM&lt;/p&gt;&lt;ul style=&quot;margin: 0px 0px 0px 110px; padding: 0px;&quot; class=&quot; list-paddingleft-2&quot;&gt;&lt;li&gt;&lt;p&gt;4G网络&lt;/p&gt;&lt;/li&gt;&lt;li&gt;&lt;p&gt;4G：移动（TD-LTE)；4G：联通(TD-LTE)；4G：联通(FDD-LTE)；4G：电信(FDD-LTE)&lt;/p&gt;&lt;/li&gt;&lt;li&gt;&lt;p&gt;3G/2G网络&lt;/p&gt;&lt;/li&gt;&lt;li&gt;&lt;p&gt;3G：移动(TD-SCDMA)；3G：联通(WCDMA)；3G：电信(CDMA2000)；2G：移动联通(GSM)+电信(CDMA)；其他&lt;/p&gt;&lt;/li&gt;&lt;li&gt;&lt;p&gt;网络频率（2G/3G）&lt;/p&gt;&lt;/li&gt;&lt;li&gt;&lt;p&gt;其他&lt;/p&gt;&lt;/li&gt;&lt;/ul&gt;&lt;h3 style=&quot;margin: 0px; padding: 0px; font-weight: 400; text-align: right; float: left; width: 110px; font-size: 12px;&quot;&gt;&lt;span style=&quot;font-size: 18px;&quot;&gt;&lt;strong&gt;存储&lt;/strong&gt;&lt;/span&gt;&lt;/h3&gt;&lt;p&gt;&lt;br/&gt;&lt;/p&gt;&lt;p&gt;&amp;nbsp;&amp;nbsp;&amp;nbsp;&amp;nbsp;&amp;nbsp;&amp;nbsp;&amp;nbsp;&amp;nbsp;&amp;nbsp;&amp;nbsp;&amp;nbsp;&amp;nbsp;ROM：32GB&amp;nbsp;&amp;nbsp;&amp;nbsp;&amp;nbsp;&amp;nbsp;&amp;nbsp;&amp;nbsp;&amp;nbsp;&amp;nbsp;&amp;nbsp;&amp;nbsp;&amp;nbsp;&amp;nbsp;&amp;nbsp;&amp;nbsp;&amp;nbsp;&amp;nbsp;&amp;nbsp;&amp;nbsp;&amp;nbsp;RAM：3GB&amp;nbsp;&amp;nbsp;&amp;nbsp;&amp;nbsp;&amp;nbsp;&amp;nbsp;&amp;nbsp;&amp;nbsp;&amp;nbsp;&amp;nbsp;&amp;nbsp;&amp;nbsp;&amp;nbsp;&amp;nbsp;&amp;nbsp;&amp;nbsp;&amp;nbsp;&amp;nbsp;&amp;nbsp;&amp;nbsp;存储卡：支持MicroSD（TF）&lt;/p&gt;&lt;h3 style=&quot;margin: 0px; padding: 0px; font-weight: 400; text-align: right; float: left; width: 110px; font-size: 12px;&quot;&gt;&lt;span style=&quot;font-size: 18px;&quot;&gt;&lt;strong&gt;屏幕&lt;/strong&gt;&lt;/span&gt;&lt;/h3&gt;&lt;p&gt;&lt;br/&gt;&lt;/p&gt;&lt;p&gt;&amp;nbsp;&amp;nbsp;&amp;nbsp;&amp;nbsp;&amp;nbsp;&amp;nbsp;&amp;nbsp;&amp;nbsp;&amp;nbsp;&amp;nbsp;&amp;nbsp;&amp;nbsp;主屏幕尺寸（英寸）：5.2&amp;nbsp;&amp;nbsp;&amp;nbsp;&amp;nbsp;&amp;nbsp;&amp;nbsp;&amp;nbsp;&amp;nbsp;&amp;nbsp;&amp;nbsp;&amp;nbsp;&amp;nbsp;英寸分辨率：1920*1080(FHD)&amp;nbsp;&amp;nbsp;&amp;nbsp;&amp;nbsp;&amp;nbsp;&amp;nbsp;&amp;nbsp;&amp;nbsp;&amp;nbsp;&amp;nbsp;&amp;nbsp;&amp;nbsp;屏幕材质类型：其他&lt;/p&gt;&lt;h3 style=&quot;margin: 0px; padding: 0px; font-weight: 400; text-align: right; float: left; width: 110px; font-size: 12px;&quot;&gt;&lt;span style=&quot;font-size: 18px;&quot;&gt;&lt;strong&gt;前置摄像头&lt;/strong&gt;&lt;/span&gt;&lt;/h3&gt;&lt;p&gt;&lt;br/&gt;&lt;/p&gt;&lt;p&gt;&amp;nbsp;&amp;nbsp;&amp;nbsp;&amp;nbsp;&amp;nbsp;&amp;nbsp;&amp;nbsp;&amp;nbsp;&amp;nbsp;&amp;nbsp;&amp;nbsp;&amp;nbsp;&amp;nbsp;&amp;nbsp;&amp;nbsp;&amp;nbsp;前置摄像头：800万像素&amp;nbsp;&amp;nbsp;&amp;nbsp;&amp;nbsp;&amp;nbsp;&amp;nbsp;&amp;nbsp;&amp;nbsp;&amp;nbsp;&amp;nbsp;&amp;nbsp;&amp;nbsp;&amp;nbsp; &amp;nbsp; 前摄光圈大小：其他&lt;/p&gt;&lt;h3 style=&quot;margin: 0px; padding: 0px; font-weight: 400; text-align: right; float: left; width: 110px; font-size: 12px;&quot;&gt;&lt;span style=&quot;font-size: 18px;&quot;&gt;&lt;strong&gt;后置摄像头&lt;/strong&gt;&lt;/span&gt;&lt;/h3&gt;&lt;p&gt;&lt;br/&gt;&lt;/p&gt;&lt;p&gt;&amp;nbsp;&amp;nbsp;&amp;nbsp;&amp;nbsp;&amp;nbsp;&amp;nbsp;&amp;nbsp;&amp;nbsp;&amp;nbsp;&amp;nbsp;&amp;nbsp;&amp;nbsp;摄像头数量：1个&amp;nbsp;&amp;nbsp;&amp;nbsp;&amp;nbsp;&amp;nbsp;&amp;nbsp;&amp;nbsp;&amp;nbsp;&amp;nbsp;&amp;nbsp;&amp;nbsp;&amp;nbsp;&amp;nbsp;&amp;nbsp;&amp;nbsp;&amp;nbsp;&amp;nbsp;&amp;nbsp;&amp;nbsp;&amp;nbsp;&amp;nbsp;&amp;nbsp;&amp;nbsp;&amp;nbsp;&amp;nbsp;&amp;nbsp;&amp;nbsp;&amp;nbsp;&amp;nbsp;&amp;nbsp;后置摄像头：1200万像素&lt;/p&gt;&lt;h3 style=&quot;margin: 0px; padding: 0px; font-weight: 400; text-align: right; float: left; width: 110px; font-size: 12px;&quot;&gt;&lt;span style=&quot;font-size: 18px;&quot;&gt;&lt;strong&gt;电池信息&lt;/strong&gt;&lt;/span&gt;&lt;/h3&gt;&lt;p&gt;&lt;br/&gt;&lt;/p&gt;&lt;p&gt;&amp;nbsp;&amp;nbsp;&amp;nbsp;&amp;nbsp;&amp;nbsp;&amp;nbsp;&amp;nbsp;&amp;nbsp;&amp;nbsp;&amp;nbsp;&amp;nbsp;&amp;nbsp;&amp;nbsp;&amp;nbsp;&amp;nbsp;&amp;nbsp;电池容量（mAh）：3000&amp;nbsp;&amp;nbsp;&amp;nbsp;&amp;nbsp;&amp;nbsp;&amp;nbsp;&amp;nbsp;&amp;nbsp;&amp;nbsp;&amp;nbsp;&amp;nbsp;&amp;nbsp;&amp;nbsp;电池是否可拆卸：否&amp;nbsp;&amp;nbsp;&amp;nbsp;&amp;nbsp;&amp;nbsp;&amp;nbsp;&amp;nbsp;&amp;nbsp;充电器：其他&amp;nbsp;&amp;nbsp;&amp;nbsp;&amp;nbsp;&amp;nbsp;&amp;nbsp;&amp;nbsp;&amp;nbsp;闪充：其他&lt;/p&gt;&lt;h3 style=&quot;margin: 0px; padding: 0px; font-weight: 400; text-align: right; float: left; width: 110px; font-size: 12px;&quot;&gt;&lt;span style=&quot;font-size: 18px;&quot;&gt;&lt;strong&gt;数据接口&lt;/strong&gt;&lt;/span&gt;&lt;/h3&gt;&lt;ul style=&quot;margin: 0px 0px 0px 110px; padding: 0px;&quot; class=&quot; list-paddingleft-2&quot;&gt;&lt;li&gt;&lt;p&gt;数据传输接口&lt;/p&gt;&lt;/li&gt;&lt;li&gt;&lt;p&gt;WiFi热点；蓝牙；WIFI&lt;/p&gt;&lt;/li&gt;&lt;li&gt;&lt;p&gt;NFC/NFC模式&lt;/p&gt;&lt;/li&gt;&lt;li&gt;&lt;p&gt;不支持&lt;/p&gt;&lt;/li&gt;&lt;li&gt;&lt;p&gt;耳机接口类型&lt;/p&gt;&lt;/li&gt;&lt;li&gt;&lt;p&gt;3.5mm&lt;/p&gt;&lt;/li&gt;&lt;li&gt;&lt;p&gt;充电接口类型&lt;/p&gt;&lt;/li&gt;&lt;li&gt;&lt;p&gt;其他&lt;/p&gt;&lt;/li&gt;&lt;/ul&gt;&lt;h3 style=&quot;margin: 0px; padding: 0px; font-weight: 400; text-align: right; float: left; width: 110px; font-size: 12px;&quot;&gt;&lt;span style=&quot;font-size: 18px;&quot;&gt;&lt;strong&gt;手机特性&lt;/strong&gt;&lt;/span&gt;&lt;/h3&gt;&lt;ul style=&quot;margin: 0px 0px 0px 110px; padding: 0px;&quot; class=&quot; list-paddingleft-2&quot;&gt;&lt;li&gt;&lt;p&gt;指纹识别&lt;/p&gt;&lt;/li&gt;&lt;li&gt;&lt;p&gt;支持&lt;/p&gt;&lt;/li&gt;&lt;li&gt;&lt;p&gt;GPS&lt;/p&gt;&lt;/li&gt;&lt;li&gt;&lt;p&gt;支持&lt;/p&gt;&lt;/li&gt;&lt;li&gt;&lt;p&gt;陀螺仪&lt;/p&gt;&lt;/li&gt;&lt;li&gt;&lt;p&gt;其他&lt;/p&gt;&lt;/li&gt;&lt;/ul&gt;&lt;p&gt;&lt;br/&gt;&lt;/p&gt;&lt;h3 style=&quot;margin: 0px; padding: 0px; font-weight: 400; text-align: right; float: left; width: 130px; font-size: 12px;&quot;&gt;&lt;span style=&quot;font-size: 18px;&quot;&gt;&lt;strong&gt;包装清单&lt;/strong&gt;&lt;/span&gt;&lt;/h3&gt;&lt;p style=&quot;margin-top: 0px; margin-bottom: 0px; margin-left: 155px; padding: 0px 50px 0px 0px;&quot;&gt;手机x1、充电器x1、USB 线x1、快速指南x1、售后服务手册x1、取卡针x1、保护壳x1&lt;/p&gt;&lt;p&gt;&lt;br/&gt;&lt;/p&gt;&lt;p&gt;&lt;br/&gt;&lt;/p&gt;&lt;p&gt;&lt;br/&gt;&lt;/p&gt;',`goodsid`='5' WHERE `id` = 5 [ RunTime:0.0010s ]

[ 2017-06-30T20:48:59+08:00 ] 127.0.0.1 /index.php/Admin/cate/categoryadd.html
INFO: [ app_begin ] --START--
INFO: Run Behavior\ReadHtmlCacheBehavior [ RunTime:0.001000s ]
INFO: [ app_begin ] --END-- [ RunTime:0.001000s ]
SQL: SHOW COLUMNS FROM `role` [ RunTime:0.0040s ]
SQL: SELECT `power` FROM `role` WHERE `id` = 1 LIMIT 1   [ RunTime:0.0010s ]
SQL: SHOW COLUMNS FROM `permission` [ RunTime:0.0030s ]
NOTIC: [8] Undefined variable: where D:\phpStudy\WWW\tpshop\Application\Admin\Controller\BaseController.class.php 第 17 行.
SQL: SELECT * FROM `permission`  [ RunTime:0.0010s ]
SQL: SHOW COLUMNS FROM `category` [ RunTime:0.0050s ]
NOTIC: [8] Undefined index: validate D:\phpStudy\WWW\tpshop\ThinkPHP\Library\Think\Model.class.php 第 1185 行.
NOTIC: [8] Undefined index: auto D:\phpStudy\WWW\tpshop\ThinkPHP\Library\Think\Model.class.php 第 1128 行.
SQL: INSERT INTO `category` (`pid`,`catename`,`remark`,`status`) VALUES ('13','平板电视','平板电视','1') [ RunTime:0.0010s ]

